{"C:\\Anas\\ai-career-launchpad-main\\frontend\\src\\components\\Auth\\ForgotPassword.jsx": {"path":"C:\\Anas\\ai-career-launchpad-main\\frontend\\src\\components\\Auth\\ForgotPassword.jsx","statementMap":{"0":{"start":{"line":6,"column":13},"end":{"line":140,"column":null}},"1":{"start":{"line":7,"column":8},"end":{"line":7,"column":null}},"2":{"start":{"line":8,"column":15},"end":{"line":8,"column":null}},"3":{"start":{"line":9,"column":16},"end":{"line":9,"column":null}},"4":{"start":{"line":10,"column":14},"end":{"line":10,"column":null}},"5":{"start":{"line":11,"column":22},"end":{"line":11,"column":null}},"6":{"start":{"line":12,"column":16},"end":{"line":12,"column":null}},"7":{"start":{"line":13,"column":18},"end":{"line":13,"column":null}},"8":{"start":{"line":14,"column":17},"end":{"line":14,"column":null}},"9":{"start":{"line":15,"column":18},"end":{"line":15,"column":null}},"10":{"start":{"line":17,"column":8},"end":{"line":23,"column":null}},"11":{"start":{"line":18,"column":14},"end":{"line":18,"column":null}},"12":{"start":{"line":19,"column":4},"end":{"line":21,"column":null}},"13":{"start":{"line":20,"column":6},"end":{"line":20,"column":null}},"14":{"start":{"line":22,"column":4},"end":{"line":22,"column":null}},"15":{"start":{"line":25,"column":24},"end":{"line":44,"column":null}},"16":{"start":{"line":26,"column":4},"end":{"line":26,"column":null}},"17":{"start":{"line":27,"column":4},"end":{"line":27,"column":null}},"18":{"start":{"line":28,"column":4},"end":{"line":28,"column":null}},"19":{"start":{"line":29,"column":4},"end":{"line":29,"column":null}},"20":{"start":{"line":30,"column":4},"end":{"line":30,"column":null}},"21":{"start":{"line":32,"column":4},"end":{"line":43,"column":null}},"22":{"start":{"line":33,"column":18},"end":{"line":33,"column":null}},"23":{"start":{"line":34,"column":6},"end":{"line":34,"column":null}},"24":{"start":{"line":35,"column":6},"end":{"line":37,"column":null}},"25":{"start":{"line":36,"column":8},"end":{"line":36,"column":null}},"26":{"start":{"line":38,"column":6},"end":{"line":38,"column":null}},"27":{"start":{"line":40,"column":6},"end":{"line":40,"column":null}},"28":{"start":{"line":42,"column":6},"end":{"line":42,"column":null}},"29":{"start":{"line":46,"column":22},"end":{"line":61,"column":null}},"30":{"start":{"line":47,"column":4},"end":{"line":47,"column":null}},"31":{"start":{"line":48,"column":4},"end":{"line":48,"column":null}},"32":{"start":{"line":49,"column":4},"end":{"line":49,"column":null}},"33":{"start":{"line":50,"column":4},"end":{"line":50,"column":null}},"34":{"start":{"line":52,"column":4},"end":{"line":60,"column":null}},"35":{"start":{"line":53,"column":18},"end":{"line":53,"column":null}},"36":{"start":{"line":54,"column":6},"end":{"line":54,"column":null}},"37":{"start":{"line":55,"column":6},"end":{"line":55,"column":null}},"38":{"start":{"line":55,"column":23},"end":{"line":55,"column":43}},"39":{"start":{"line":57,"column":6},"end":{"line":57,"column":null}},"40":{"start":{"line":59,"column":6},"end":{"line":59,"column":null}},"41":{"start":{"line":63,"column":2},"end":{"line":138,"column":null}},"42":{"start":{"line":108,"column":33},"end":{"line":108,"column":null}},"43":{"start":{"line":120,"column":33},"end":{"line":120,"column":null}}},"fnMap":{"0":{"name":"(anonymous_0)","decl":{"start":{"line":6,"column":13},"end":{"line":6,"column":36}},"loc":{"start":{"line":6,"column":36},"end":{"line":140,"column":null}},"line":6},"1":{"name":"(anonymous_1)","decl":{"start":{"line":17,"column":8},"end":{"line":17,"column":29}},"loc":{"start":{"line":17,"column":35},"end":{"line":23,"column":null}},"line":17},"2":{"name":"(anonymous_2)","decl":{"start":{"line":25,"column":24},"end":{"line":25,"column":31}},"loc":{"start":{"line":25,"column":37},"end":{"line":44,"column":null}},"line":25},"3":{"name":"(anonymous_3)","decl":{"start":{"line":46,"column":22},"end":{"line":46,"column":29}},"loc":{"start":{"line":46,"column":35},"end":{"line":61,"column":null}},"line":46},"4":{"name":"(anonymous_4)","decl":{"start":{"line":55,"column":6},"end":{"line":55,"column":23}},"loc":{"start":{"line":55,"column":23},"end":{"line":55,"column":43}},"line":55},"5":{"name":"(anonymous_5)","decl":{"start":{"line":108,"column":16},"end":{"line":108,"column":27}},"loc":{"start":{"line":108,"column":33},"end":{"line":108,"column":null}},"line":108},"6":{"name":"(anonymous_6)","decl":{"start":{"line":120,"column":16},"end":{"line":120,"column":27}},"loc":{"start":{"line":120,"column":33},"end":{"line":120,"column":null}},"line":120}},"branchMap":{"0":{"loc":{"start":{"line":19,"column":4},"end":{"line":21,"column":null}},"type":"if","locations":[{"start":{"line":19,"column":4},"end":{"line":21,"column":null}},{"start":{},"end":{}}],"line":19},"1":{"loc":{"start":{"line":19,"column":8},"end":{"line":19,"column":53}},"type":"binary-expr","locations":[{"start":{"line":19,"column":8},"end":{"line":19,"column":26}},{"start":{"line":19,"column":26},"end":{"line":19,"column":53}}],"line":19},"2":{"loc":{"start":{"line":35,"column":6},"end":{"line":37,"column":null}},"type":"if","locations":[{"start":{"line":35,"column":6},"end":{"line":37,"column":null}},{"start":{},"end":{}}],"line":35},"3":{"loc":{"start":{"line":40,"column":15},"end":{"line":40,"column":69}},"type":"binary-expr","locations":[{"start":{"line":40,"column":15},"end":{"line":40,"column":53}},{"start":{"line":40,"column":53},"end":{"line":40,"column":69}}],"line":40},"4":{"loc":{"start":{"line":57,"column":15},"end":{"line":57,"column":67}},"type":"binary-expr","locations":[{"start":{"line":57,"column":15},"end":{"line":57,"column":53}},{"start":{"line":57,"column":53},"end":{"line":57,"column":67}}],"line":57},"5":{"loc":{"start":{"line":68,"column":11},"end":{"line":68,"column":null}},"type":"cond-expr","locations":[{"start":{"line":68,"column":32},"end":{"line":68,"column":68}},{"start":{"line":68,"column":68},"end":{"line":68,"column":null}}],"line":68},"6":{"loc":{"start":{"line":71,"column":9},"end":{"line":71,"column":null}},"type":"binary-expr","locations":[{"start":{"line":71,"column":9},"end":{"line":71,"column":18}},{"start":{"line":71,"column":18},"end":{"line":71,"column":null}}],"line":71},"7":{"loc":{"start":{"line":72,"column":9},"end":{"line":72,"column":null}},"type":"binary-expr","locations":[{"start":{"line":72,"column":9},"end":{"line":72,"column":20}},{"start":{"line":72,"column":20},"end":{"line":72,"column":null}}],"line":72},"8":{"loc":{"start":{"line":73,"column":9},"end":{"line":76,"column":null}},"type":"binary-expr","locations":[{"start":{"line":73,"column":9},"end":{"line":73,"column":null}},{"start":{"line":74,"column":10},"end":{"line":76,"column":null}}],"line":73},"9":{"loc":{"start":{"line":79,"column":9},"end":{"line":129,"column":null}},"type":"cond-expr","locations":[{"start":{"line":80,"column":10},"end":{"line":97,"column":11}},{"start":{"line":97,"column":10},"end":{"line":129,"column":null}}],"line":79},"10":{"loc":{"start":{"line":93,"column":15},"end":{"line":93,"column":null}},"type":"cond-expr","locations":[{"start":{"line":93,"column":25},"end":{"line":93,"column":40}},{"start":{"line":93,"column":40},"end":{"line":93,"column":null}}],"line":93},"11":{"loc":{"start":{"line":127,"column":15},"end":{"line":127,"column":null}},"type":"cond-expr","locations":[{"start":{"line":127,"column":25},"end":{"line":127,"column":42}},{"start":{"line":127,"column":42},"end":{"line":127,"column":null}}],"line":127}},"s":{"0":1,"1":103,"2":103,"3":103,"4":103,"5":103,"6":103,"7":103,"8":103,"9":103,"10":103,"11":68,"12":68,"13":0,"14":68,"15":103,"16":5,"17":5,"18":5,"19":5,"20":5,"21":5,"22":5,"23":4,"24":4,"25":1,"26":4,"27":1,"28":5,"29":103,"30":1,"31":1,"32":1,"33":1,"34":1,"35":1,"36":0,"37":0,"38":0,"39":1,"40":1,"41":103,"42":6,"43":10},"f":{"0":103,"1":68,"2":5,"3":1,"4":0,"5":6,"6":10},"b":{"0":[0,68],"1":[68,68],"2":[1,3],"3":[1,0],"4":[1,0],"5":[81,22],"6":[103,2],"7":[103,20],"8":[103,1],"9":[81,22],"10":[5,76],"11":[1,21]},"meta":{"lastBranch":12,"lastFunction":7,"lastStatement":44,"seen":{"s:6:13:140:Infinity":0,"f:6:13:6:36":0,"s:7:8:7:Infinity":1,"s:8:15:8:Infinity":2,"s:9:16:9:Infinity":3,"s:10:14:10:Infinity":4,"s:11:22:11:Infinity":5,"s:12:16:12:Infinity":6,"s:13:18:13:Infinity":7,"s:14:17:14:Infinity":8,"s:15:18:15:Infinity":9,"s:17:8:23:Infinity":10,"f:17:8:17:29":1,"s:18:14:18:Infinity":11,"b:19:4:21:Infinity:undefined:undefined:undefined:undefined":0,"s:19:4:21:Infinity":12,"b:19:8:19:26:19:26:19:53":1,"s:20:6:20:Infinity":13,"s:22:4:22:Infinity":14,"s:25:24:44:Infinity":15,"f:25:24:25:31":2,"s:26:4:26:Infinity":16,"s:27:4:27:Infinity":17,"s:28:4:28:Infinity":18,"s:29:4:29:Infinity":19,"s:30:4:30:Infinity":20,"s:32:4:43:Infinity":21,"s:33:18:33:Infinity":22,"s:34:6:34:Infinity":23,"b:35:6:37:Infinity:undefined:undefined:undefined:undefined":2,"s:35:6:37:Infinity":24,"s:36:8:36:Infinity":25,"s:38:6:38:Infinity":26,"s:40:6:40:Infinity":27,"b:40:15:40:53:40:53:40:69":3,"s:42:6:42:Infinity":28,"s:46:22:61:Infinity":29,"f:46:22:46:29":3,"s:47:4:47:Infinity":30,"s:48:4:48:Infinity":31,"s:49:4:49:Infinity":32,"s:50:4:50:Infinity":33,"s:52:4:60:Infinity":34,"s:53:18:53:Infinity":35,"s:54:6:54:Infinity":36,"s:55:6:55:Infinity":37,"f:55:6:55:23":4,"s:55:23:55:43":38,"s:57:6:57:Infinity":39,"b:57:15:57:53:57:53:57:67":4,"s:59:6:59:Infinity":40,"s:63:2:138:Infinity":41,"b:68:32:68:68:68:68:68:Infinity":5,"b:71:9:71:18:71:18:71:Infinity":6,"b:72:9:72:20:72:20:72:Infinity":7,"b:73:9:73:Infinity:74:10:76:Infinity":8,"b:80:10:97:11:97:10:129:Infinity":9,"b:93:25:93:40:93:40:93:Infinity":10,"f:108:16:108:27":5,"s:108:33:108:Infinity":42,"f:120:16:120:27":6,"s:120:33:120:Infinity":43,"b:127:25:127:42:127:42:127:Infinity":11},"fnNames":{}}}
,"C:\\Anas\\ai-career-launchpad-main\\frontend\\src\\components\\Auth\\Login.jsx": {"path":"C:\\Anas\\ai-career-launchpad-main\\frontend\\src\\components\\Auth\\Login.jsx","statementMap":{"0":{"start":{"line":7,"column":18},"end":{"line":7,"column":null}},"1":{"start":{"line":8,"column":21},"end":{"line":8,"column":null}},"2":{"start":{"line":9,"column":15},"end":{"line":9,"column":null}},"3":{"start":{"line":11,"column":13},"end":{"line":206,"column":null}},"4":{"start":{"line":12,"column":8},"end":{"line":12,"column":null}},"5":{"start":{"line":13,"column":10},"end":{"line":13,"column":null}},"6":{"start":{"line":14,"column":15},"end":{"line":14,"column":null}},"7":{"start":{"line":15,"column":16},"end":{"line":15,"column":null}},"8":{"start":{"line":16,"column":19},"end":{"line":16,"column":null}},"9":{"start":{"line":17,"column":14},"end":{"line":17,"column":null}},"10":{"start":{"line":18,"column":16},"end":{"line":18,"column":null}},"11":{"start":{"line":19,"column":18},"end":{"line":19,"column":null}},"12":{"start":{"line":21,"column":8},"end":{"line":27,"column":null}},"13":{"start":{"line":22,"column":14},"end":{"line":22,"column":null}},"14":{"start":{"line":23,"column":4},"end":{"line":25,"column":null}},"15":{"start":{"line":24,"column":6},"end":{"line":24,"column":null}},"16":{"start":{"line":26,"column":4},"end":{"line":26,"column":null}},"17":{"start":{"line":29,"column":34},"end":{"line":51,"column":null}},"18":{"start":{"line":30,"column":4},"end":{"line":30,"column":null}},"19":{"start":{"line":31,"column":4},"end":{"line":31,"column":null}},"20":{"start":{"line":32,"column":4},"end":{"line":32,"column":null}},"21":{"start":{"line":34,"column":4},"end":{"line":50,"column":null}},"22":{"start":{"line":35,"column":23},"end":{"line":35,"column":null}},"23":{"start":{"line":37,"column":6},"end":{"line":41,"column":null}},"24":{"start":{"line":38,"column":8},"end":{"line":38,"column":null}},"25":{"start":{"line":39,"column":8},"end":{"line":39,"column":null}},"26":{"start":{"line":40,"column":8},"end":{"line":40,"column":null}},"27":{"start":{"line":43,"column":6},"end":{"line":45,"column":null}},"28":{"start":{"line":44,"column":8},"end":{"line":44,"column":null}},"29":{"start":{"line":47,"column":6},"end":{"line":47,"column":null}},"30":{"start":{"line":49,"column":6},"end":{"line":49,"column":null}},"31":{"start":{"line":53,"column":30},"end":{"line":65,"column":null}},"32":{"start":{"line":54,"column":4},"end":{"line":54,"column":null}},"33":{"start":{"line":55,"column":4},"end":{"line":55,"column":null}},"34":{"start":{"line":56,"column":4},"end":{"line":64,"column":null}},"35":{"start":{"line":57,"column":23},"end":{"line":57,"column":null}},"36":{"start":{"line":58,"column":6},"end":{"line":58,"column":null}},"37":{"start":{"line":59,"column":6},"end":{"line":59,"column":null}},"38":{"start":{"line":61,"column":6},"end":{"line":61,"column":null}},"39":{"start":{"line":63,"column":6},"end":{"line":63,"column":null}},"40":{"start":{"line":67,"column":8},"end":{"line":69,"column":null}},"41":{"start":{"line":68,"column":4},"end":{"line":68,"column":null}},"42":{"start":{"line":71,"column":34},"end":{"line":85,"column":null}},"43":{"start":{"line":72,"column":4},"end":{"line":72,"column":null}},"44":{"start":{"line":73,"column":4},"end":{"line":73,"column":null}},"45":{"start":{"line":74,"column":4},"end":{"line":74,"column":null}},"46":{"start":{"line":76,"column":4},"end":{"line":84,"column":null}},"47":{"start":{"line":77,"column":6},"end":{"line":77,"column":null}},"48":{"start":{"line":78,"column":6},"end":{"line":78,"column":null}},"49":{"start":{"line":79,"column":6},"end":{"line":79,"column":null}},"50":{"start":{"line":81,"column":6},"end":{"line":81,"column":null}},"51":{"start":{"line":83,"column":6},"end":{"line":83,"column":null}},"52":{"start":{"line":89,"column":2},"end":{"line":204,"column":null}},"53":{"start":{"line":134,"column":33},"end":{"line":134,"column":null}},"54":{"start":{"line":173,"column":33},"end":{"line":173,"column":null}}},"fnMap":{"0":{"name":"(anonymous_0)","decl":{"start":{"line":11,"column":13},"end":{"line":11,"column":27}},"loc":{"start":{"line":11,"column":27},"end":{"line":206,"column":null}},"line":11},"1":{"name":"(anonymous_1)","decl":{"start":{"line":21,"column":8},"end":{"line":21,"column":29}},"loc":{"start":{"line":21,"column":35},"end":{"line":27,"column":null}},"line":21},"2":{"name":"(anonymous_2)","decl":{"start":{"line":29,"column":34},"end":{"line":29,"column":41}},"loc":{"start":{"line":29,"column":47},"end":{"line":51,"column":null}},"line":29},"3":{"name":"(anonymous_3)","decl":{"start":{"line":53,"column":30},"end":{"line":53,"column":37}},"loc":{"start":{"line":53,"column":60},"end":{"line":65,"column":null}},"line":53},"4":{"name":"(anonymous_4)","decl":{"start":{"line":67,"column":8},"end":{"line":67,"column":34}},"loc":{"start":{"line":67,"column":34},"end":{"line":69,"column":null}},"line":67},"5":{"name":"(anonymous_5)","decl":{"start":{"line":71,"column":34},"end":{"line":71,"column":41}},"loc":{"start":{"line":71,"column":47},"end":{"line":85,"column":null}},"line":71},"6":{"name":"(anonymous_6)","decl":{"start":{"line":134,"column":16},"end":{"line":134,"column":27}},"loc":{"start":{"line":134,"column":33},"end":{"line":134,"column":null}},"line":134},"7":{"name":"(anonymous_7)","decl":{"start":{"line":173,"column":16},"end":{"line":173,"column":27}},"loc":{"start":{"line":173,"column":33},"end":{"line":173,"column":null}},"line":173}},"branchMap":{"0":{"loc":{"start":{"line":7,"column":18},"end":{"line":7,"column":null}},"type":"binary-expr","locations":[{"start":{"line":7,"column":18},"end":{"line":7,"column":58}},{"start":{"line":7,"column":58},"end":{"line":7,"column":null}}],"line":7},"1":{"loc":{"start":{"line":8,"column":21},"end":{"line":8,"column":null}},"type":"binary-expr","locations":[{"start":{"line":8,"column":21},"end":{"line":8,"column":64}},{"start":{"line":8,"column":64},"end":{"line":8,"column":null}}],"line":8},"2":{"loc":{"start":{"line":15,"column":37},"end":{"line":15,"column":60}},"type":"cond-expr","locations":[{"start":{"line":15,"column":46},"end":{"line":15,"column":58}},{"start":{"line":15,"column":58},"end":{"line":15,"column":60}}],"line":15},"3":{"loc":{"start":{"line":16,"column":43},"end":{"line":16,"column":69}},"type":"cond-expr","locations":[{"start":{"line":16,"column":52},"end":{"line":16,"column":67}},{"start":{"line":16,"column":67},"end":{"line":16,"column":69}}],"line":16},"4":{"loc":{"start":{"line":23,"column":4},"end":{"line":25,"column":null}},"type":"if","locations":[{"start":{"line":23,"column":4},"end":{"line":25,"column":null}},{"start":{},"end":{}}],"line":23},"5":{"loc":{"start":{"line":23,"column":8},"end":{"line":23,"column":53}},"type":"binary-expr","locations":[{"start":{"line":23,"column":8},"end":{"line":23,"column":26}},{"start":{"line":23,"column":26},"end":{"line":23,"column":53}}],"line":23},"6":{"loc":{"start":{"line":37,"column":6},"end":{"line":41,"column":null}},"type":"if","locations":[{"start":{"line":37,"column":6},"end":{"line":41,"column":null}},{"start":{},"end":{}}],"line":37},"7":{"loc":{"start":{"line":43,"column":6},"end":{"line":45,"column":null}},"type":"if","locations":[{"start":{"line":43,"column":6},"end":{"line":45,"column":null}},{"start":{},"end":{}}],"line":43},"8":{"loc":{"start":{"line":47,"column":15},"end":{"line":47,"column":67}},"type":"binary-expr","locations":[{"start":{"line":47,"column":15},"end":{"line":47,"column":53}},{"start":{"line":47,"column":53},"end":{"line":47,"column":67}}],"line":47},"9":{"loc":{"start":{"line":61,"column":15},"end":{"line":61,"column":74}},"type":"binary-expr","locations":[{"start":{"line":61,"column":15},"end":{"line":61,"column":53}},{"start":{"line":61,"column":53},"end":{"line":61,"column":74}}],"line":61},"10":{"loc":{"start":{"line":81,"column":15},"end":{"line":81,"column":74}},"type":"binary-expr","locations":[{"start":{"line":81,"column":15},"end":{"line":81,"column":53}},{"start":{"line":81,"column":53},"end":{"line":81,"column":74}}],"line":81},"11":{"loc":{"start":{"line":94,"column":9},"end":{"line":100,"column":null}},"type":"binary-expr","locations":[{"start":{"line":94,"column":9},"end":{"line":94,"column":null}},{"start":{"line":95,"column":10},"end":{"line":100,"column":null}}],"line":94},"12":{"loc":{"start":{"line":103,"column":9},"end":{"line":112,"column":null}},"type":"binary-expr","locations":[{"start":{"line":103,"column":9},"end":{"line":103,"column":19}},{"start":{"line":103,"column":19},"end":{"line":103,"column":null}},{"start":{"line":104,"column":10},"end":{"line":112,"column":null}}],"line":103},"13":{"loc":{"start":{"line":115,"column":9},"end":{"line":162,"column":null}},"type":"binary-expr","locations":[{"start":{"line":115,"column":9},"end":{"line":115,"column":null}},{"start":{"line":116,"column":10},"end":{"line":162,"column":null}}],"line":115},"14":{"loc":{"start":{"line":145,"column":15},"end":{"line":145,"column":null}},"type":"cond-expr","locations":[{"start":{"line":145,"column":25},"end":{"line":145,"column":43}},{"start":{"line":145,"column":43},"end":{"line":145,"column":null}}],"line":145},"15":{"loc":{"start":{"line":165,"column":9},"end":{"line":186,"column":null}},"type":"binary-expr","locations":[{"start":{"line":165,"column":9},"end":{"line":165,"column":null}},{"start":{"line":166,"column":10},"end":{"line":186,"column":null}}],"line":165},"16":{"loc":{"start":{"line":184,"column":15},"end":{"line":184,"column":null}},"type":"cond-expr","locations":[{"start":{"line":184,"column":25},"end":{"line":184,"column":42}},{"start":{"line":184,"column":42},"end":{"line":184,"column":null}}],"line":184}},"s":{"0":1,"1":1,"2":1,"3":1,"4":6,"5":6,"6":6,"7":6,"8":6,"9":6,"10":6,"11":6,"12":6,"13":0,"14":0,"15":0,"16":0,"17":6,"18":2,"19":2,"20":2,"21":2,"22":2,"23":1,"24":1,"25":1,"26":1,"27":0,"28":0,"29":1,"30":2,"31":6,"32":0,"33":0,"34":0,"35":0,"36":0,"37":0,"38":0,"39":0,"40":6,"41":0,"42":6,"43":0,"44":0,"45":0,"46":0,"47":0,"48":0,"49":0,"50":0,"51":0,"52":6,"53":0,"54":0},"f":{"0":6,"1":0,"2":2,"3":0,"4":0,"5":0,"6":0,"7":0},"b":{"0":[1,0],"1":[1,0],"2":[6,0],"3":[6,0],"4":[0,0],"5":[0,0],"6":[1,0],"7":[0,0],"8":[1,0],"9":[0,0],"10":[0,0],"11":[6,1],"12":[6,6,6],"13":[6,6],"14":[2,4],"15":[6,0],"16":[0,0]},"meta":{"lastBranch":17,"lastFunction":8,"lastStatement":55,"seen":{"s:7:18:7:Infinity":0,"b:7:18:7:58:7:58:7:Infinity":0,"s:8:21:8:Infinity":1,"b:8:21:8:64:8:64:8:Infinity":1,"s:9:15:9:Infinity":2,"s:11:13:206:Infinity":3,"f:11:13:11:27":0,"s:12:8:12:Infinity":4,"s:13:10:13:Infinity":5,"s:14:15:14:Infinity":6,"s:15:16:15:Infinity":7,"b:15:46:15:58:15:58:15:60":2,"s:16:19:16:Infinity":8,"b:16:52:16:67:16:67:16:69":3,"s:17:14:17:Infinity":9,"s:18:16:18:Infinity":10,"s:19:18:19:Infinity":11,"s:21:8:27:Infinity":12,"f:21:8:21:29":1,"s:22:14:22:Infinity":13,"b:23:4:25:Infinity:undefined:undefined:undefined:undefined":4,"s:23:4:25:Infinity":14,"b:23:8:23:26:23:26:23:53":5,"s:24:6:24:Infinity":15,"s:26:4:26:Infinity":16,"s:29:34:51:Infinity":17,"f:29:34:29:41":2,"s:30:4:30:Infinity":18,"s:31:4:31:Infinity":19,"s:32:4:32:Infinity":20,"s:34:4:50:Infinity":21,"s:35:23:35:Infinity":22,"b:37:6:41:Infinity:undefined:undefined:undefined:undefined":6,"s:37:6:41:Infinity":23,"s:38:8:38:Infinity":24,"s:39:8:39:Infinity":25,"s:40:8:40:Infinity":26,"b:43:6:45:Infinity:undefined:undefined:undefined:undefined":7,"s:43:6:45:Infinity":27,"s:44:8:44:Infinity":28,"s:47:6:47:Infinity":29,"b:47:15:47:53:47:53:47:67":8,"s:49:6:49:Infinity":30,"s:53:30:65:Infinity":31,"f:53:30:53:37":3,"s:54:4:54:Infinity":32,"s:55:4:55:Infinity":33,"s:56:4:64:Infinity":34,"s:57:23:57:Infinity":35,"s:58:6:58:Infinity":36,"s:59:6:59:Infinity":37,"s:61:6:61:Infinity":38,"b:61:15:61:53:61:53:61:74":9,"s:63:6:63:Infinity":39,"s:67:8:69:Infinity":40,"f:67:8:67:34":4,"s:68:4:68:Infinity":41,"s:71:34:85:Infinity":42,"f:71:34:71:41":5,"s:72:4:72:Infinity":43,"s:73:4:73:Infinity":44,"s:74:4:74:Infinity":45,"s:76:4:84:Infinity":46,"s:77:6:77:Infinity":47,"s:78:6:78:Infinity":48,"s:79:6:79:Infinity":49,"s:81:6:81:Infinity":50,"b:81:15:81:53:81:53:81:74":10,"s:83:6:83:Infinity":51,"s:89:2:204:Infinity":52,"b:94:9:94:Infinity:95:10:100:Infinity":11,"b:103:9:103:19:103:19:103:Infinity:104:10:112:Infinity":12,"b:115:9:115:Infinity:116:10:162:Infinity":13,"f:134:16:134:27":6,"s:134:33:134:Infinity":53,"b:145:25:145:43:145:43:145:Infinity":14,"b:165:9:165:Infinity:166:10:186:Infinity":15,"f:173:16:173:27":7,"s:173:33:173:Infinity":54,"b:184:25:184:42:184:42:184:Infinity":16},"fnNames":{}}}
,"C:\\Anas\\ai-career-launchpad-main\\frontend\\src\\components\\Auth\\Register.jsx": {"path":"C:\\Anas\\ai-career-launchpad-main\\frontend\\src\\components\\Auth\\Register.jsx","statementMap":{"0":{"start":{"line":7,"column":13},"end":{"line":201,"column":null}},"1":{"start":{"line":8,"column":8},"end":{"line":8,"column":null}},"2":{"start":{"line":9,"column":15},"end":{"line":9,"column":null}},"3":{"start":{"line":10,"column":19},"end":{"line":14,"column":null}},"4":{"start":{"line":15,"column":14},"end":{"line":15,"column":null}},"5":{"start":{"line":16,"column":16},"end":{"line":16,"column":null}},"6":{"start":{"line":17,"column":18},"end":{"line":17,"column":null}},"7":{"start":{"line":21,"column":8},"end":{"line":37,"column":null}},"8":{"start":{"line":22,"column":26},"end":{"line":22,"column":null}},"9":{"start":{"line":24,"column":4},"end":{"line":31,"column":null}},"10":{"start":{"line":25,"column":6},"end":{"line":25,"column":null}},"11":{"start":{"line":26,"column":11},"end":{"line":31,"column":null}},"12":{"start":{"line":27,"column":6},"end":{"line":27,"column":null}},"13":{"start":{"line":28,"column":6},"end":{"line":30,"column":null}},"14":{"start":{"line":29,"column":8},"end":{"line":29,"column":null}},"15":{"start":{"line":33,"column":4},"end":{"line":36,"column":null}},"16":{"start":{"line":33,"column":25},"end":{"line":36,"column":6}},"17":{"start":{"line":41,"column":25},"end":{"line":54,"column":null}},"18":{"start":{"line":42,"column":4},"end":{"line":42,"column":null}},"19":{"start":{"line":43,"column":4},"end":{"line":43,"column":null}},"20":{"start":{"line":44,"column":4},"end":{"line":44,"column":null}},"21":{"start":{"line":46,"column":4},"end":{"line":53,"column":null}},"22":{"start":{"line":47,"column":23},"end":{"line":47,"column":null}},"23":{"start":{"line":48,"column":6},"end":{"line":48,"column":null}},"24":{"start":{"line":50,"column":6},"end":{"line":50,"column":null}},"25":{"start":{"line":52,"column":6},"end":{"line":52,"column":null}},"26":{"start":{"line":56,"column":10},"end":{"line":56,"column":null}},"27":{"start":{"line":58,"column":30},"end":{"line":70,"column":null}},"28":{"start":{"line":59,"column":4},"end":{"line":59,"column":null}},"29":{"start":{"line":60,"column":4},"end":{"line":60,"column":null}},"30":{"start":{"line":61,"column":4},"end":{"line":69,"column":null}},"31":{"start":{"line":62,"column":23},"end":{"line":62,"column":null}},"32":{"start":{"line":63,"column":6},"end":{"line":63,"column":null}},"33":{"start":{"line":64,"column":6},"end":{"line":64,"column":null}},"34":{"start":{"line":66,"column":6},"end":{"line":66,"column":null}},"35":{"start":{"line":68,"column":6},"end":{"line":68,"column":null}},"36":{"start":{"line":72,"column":8},"end":{"line":74,"column":null}},"37":{"start":{"line":73,"column":4},"end":{"line":73,"column":null}},"38":{"start":{"line":76,"column":34},"end":{"line":89,"column":null}},"39":{"start":{"line":77,"column":4},"end":{"line":77,"column":null}},"40":{"start":{"line":78,"column":4},"end":{"line":78,"column":null}},"41":{"start":{"line":79,"column":4},"end":{"line":79,"column":null}},"42":{"start":{"line":81,"column":4},"end":{"line":88,"column":null}},"43":{"start":{"line":82,"column":6},"end":{"line":82,"column":null}},"44":{"start":{"line":83,"column":6},"end":{"line":83,"column":null}},"45":{"start":{"line":85,"column":6},"end":{"line":85,"column":null}},"46":{"start":{"line":87,"column":6},"end":{"line":87,"column":null}},"47":{"start":{"line":91,"column":2},"end":{"line":199,"column":null}},"48":{"start":{"line":176,"column":33},"end":{"line":176,"column":null}}},"fnMap":{"0":{"name":"(anonymous_0)","decl":{"start":{"line":7,"column":13},"end":{"line":7,"column":30}},"loc":{"start":{"line":7,"column":30},"end":{"line":201,"column":null}},"line":7},"1":{"name":"(anonymous_1)","decl":{"start":{"line":21,"column":8},"end":{"line":21,"column":29}},"loc":{"start":{"line":21,"column":35},"end":{"line":37,"column":null}},"line":21},"2":{"name":"(anonymous_2)","decl":{"start":{"line":33,"column":4},"end":{"line":33,"column":16}},"loc":{"start":{"line":33,"column":25},"end":{"line":36,"column":6}},"line":33},"3":{"name":"(anonymous_3)","decl":{"start":{"line":41,"column":25},"end":{"line":41,"column":32}},"loc":{"start":{"line":41,"column":38},"end":{"line":54,"column":null}},"line":41},"4":{"name":"(anonymous_4)","decl":{"start":{"line":58,"column":30},"end":{"line":58,"column":37}},"loc":{"start":{"line":58,"column":60},"end":{"line":70,"column":null}},"line":58},"5":{"name":"(anonymous_5)","decl":{"start":{"line":72,"column":8},"end":{"line":72,"column":34}},"loc":{"start":{"line":72,"column":34},"end":{"line":74,"column":null}},"line":72},"6":{"name":"(anonymous_6)","decl":{"start":{"line":76,"column":34},"end":{"line":76,"column":41}},"loc":{"start":{"line":76,"column":47},"end":{"line":89,"column":null}},"line":76},"7":{"name":"(anonymous_7)","decl":{"start":{"line":176,"column":16},"end":{"line":176,"column":27}},"loc":{"start":{"line":176,"column":33},"end":{"line":176,"column":null}},"line":176}},"branchMap":{"0":{"loc":{"start":{"line":24,"column":4},"end":{"line":31,"column":null}},"type":"if","locations":[{"start":{"line":24,"column":4},"end":{"line":31,"column":null}},{"start":{"line":26,"column":11},"end":{"line":31,"column":null}}],"line":24},"1":{"loc":{"start":{"line":26,"column":11},"end":{"line":31,"column":null}},"type":"if","locations":[{"start":{"line":26,"column":11},"end":{"line":31,"column":null}},{"start":{},"end":{}}],"line":26},"2":{"loc":{"start":{"line":28,"column":6},"end":{"line":30,"column":null}},"type":"if","locations":[{"start":{"line":28,"column":6},"end":{"line":30,"column":null}},{"start":{},"end":{}}],"line":28},"3":{"loc":{"start":{"line":28,"column":10},"end":{"line":28,"column":59}},"type":"binary-expr","locations":[{"start":{"line":28,"column":10},"end":{"line":28,"column":30}},{"start":{"line":28,"column":30},"end":{"line":28,"column":59}}],"line":28},"4":{"loc":{"start":{"line":50,"column":15},"end":{"line":50,"column":74}},"type":"binary-expr","locations":[{"start":{"line":50,"column":15},"end":{"line":50,"column":53}},{"start":{"line":50,"column":53},"end":{"line":50,"column":74}}],"line":50},"5":{"loc":{"start":{"line":66,"column":15},"end":{"line":66,"column":81}},"type":"binary-expr","locations":[{"start":{"line":66,"column":15},"end":{"line":66,"column":53}},{"start":{"line":66,"column":53},"end":{"line":66,"column":81}}],"line":66},"6":{"loc":{"start":{"line":85,"column":15},"end":{"line":85,"column":74}},"type":"binary-expr","locations":[{"start":{"line":85,"column":15},"end":{"line":85,"column":53}},{"start":{"line":85,"column":53},"end":{"line":85,"column":74}}],"line":85},"7":{"loc":{"start":{"line":96,"column":9},"end":{"line":96,"column":null}},"type":"binary-expr","locations":[{"start":{"line":96,"column":9},"end":{"line":96,"column":18}},{"start":{"line":96,"column":18},"end":{"line":96,"column":null}}],"line":96},"8":{"loc":{"start":{"line":98,"column":9},"end":{"line":164,"column":null}},"type":"binary-expr","locations":[{"start":{"line":98,"column":9},"end":{"line":98,"column":null}},{"start":{"line":99,"column":10},"end":{"line":164,"column":null}}],"line":98},"9":{"loc":{"start":{"line":147,"column":15},"end":{"line":147,"column":null}},"type":"cond-expr","locations":[{"start":{"line":147,"column":25},"end":{"line":147,"column":44}},{"start":{"line":147,"column":44},"end":{"line":147,"column":null}}],"line":147},"10":{"loc":{"start":{"line":167,"column":9},"end":{"line":189,"column":null}},"type":"binary-expr","locations":[{"start":{"line":167,"column":9},"end":{"line":167,"column":null}},{"start":{"line":168,"column":10},"end":{"line":189,"column":null}}],"line":167},"11":{"loc":{"start":{"line":187,"column":15},"end":{"line":187,"column":null}},"type":"cond-expr","locations":[{"start":{"line":187,"column":25},"end":{"line":187,"column":42}},{"start":{"line":187,"column":42},"end":{"line":187,"column":null}}],"line":187}},"s":{"0":1,"1":157,"2":157,"3":157,"4":157,"5":157,"6":157,"7":157,"8":126,"9":126,"10":34,"11":92,"12":56,"13":56,"14":0,"15":126,"16":126,"17":157,"18":4,"19":4,"20":4,"21":4,"22":4,"23":3,"24":1,"25":4,"26":157,"27":157,"28":0,"29":0,"30":0,"31":0,"32":0,"33":0,"34":0,"35":0,"36":157,"37":0,"38":157,"39":2,"40":2,"41":2,"42":2,"43":2,"44":1,"45":1,"46":2,"47":157,"48":12},"f":{"0":157,"1":126,"2":126,"3":4,"4":0,"5":0,"6":2,"7":12},"b":{"0":[34,92],"1":[56,36],"2":[0,56],"3":[56,56],"4":[1,0],"5":[0,0],"6":[1,0],"7":[157,2],"8":[157,138],"9":[4,134],"10":[157,19],"11":[2,17]},"meta":{"lastBranch":12,"lastFunction":8,"lastStatement":49,"seen":{"s:7:13:201:Infinity":0,"f:7:13:7:30":0,"s:8:8:8:Infinity":1,"s:9:15:9:Infinity":2,"s:10:19:14:Infinity":3,"s:15:14:15:Infinity":4,"s:16:16:16:Infinity":5,"s:17:18:17:Infinity":6,"s:21:8:37:Infinity":7,"f:21:8:21:29":1,"s:22:26:22:Infinity":8,"b:24:4:31:Infinity:26:11:31:Infinity":0,"s:24:4:31:Infinity":9,"s:25:6:25:Infinity":10,"b:26:11:31:Infinity:undefined:undefined:undefined:undefined":1,"s:26:11:31:Infinity":11,"s:27:6:27:Infinity":12,"b:28:6:30:Infinity:undefined:undefined:undefined:undefined":2,"s:28:6:30:Infinity":13,"b:28:10:28:30:28:30:28:59":3,"s:29:8:29:Infinity":14,"s:33:4:36:Infinity":15,"f:33:4:33:16":2,"s:33:25:36:6":16,"s:41:25:54:Infinity":17,"f:41:25:41:32":3,"s:42:4:42:Infinity":18,"s:43:4:43:Infinity":19,"s:44:4:44:Infinity":20,"s:46:4:53:Infinity":21,"s:47:23:47:Infinity":22,"s:48:6:48:Infinity":23,"s:50:6:50:Infinity":24,"b:50:15:50:53:50:53:50:74":4,"s:52:6:52:Infinity":25,"s:56:10:56:Infinity":26,"s:58:30:70:Infinity":27,"f:58:30:58:37":4,"s:59:4:59:Infinity":28,"s:60:4:60:Infinity":29,"s:61:4:69:Infinity":30,"s:62:23:62:Infinity":31,"s:63:6:63:Infinity":32,"s:64:6:64:Infinity":33,"s:66:6:66:Infinity":34,"b:66:15:66:53:66:53:66:81":5,"s:68:6:68:Infinity":35,"s:72:8:74:Infinity":36,"f:72:8:72:34":5,"s:73:4:73:Infinity":37,"s:76:34:89:Infinity":38,"f:76:34:76:41":6,"s:77:4:77:Infinity":39,"s:78:4:78:Infinity":40,"s:79:4:79:Infinity":41,"s:81:4:88:Infinity":42,"s:82:6:82:Infinity":43,"s:83:6:83:Infinity":44,"s:85:6:85:Infinity":45,"b:85:15:85:53:85:53:85:74":6,"s:87:6:87:Infinity":46,"s:91:2:199:Infinity":47,"b:96:9:96:18:96:18:96:Infinity":7,"b:98:9:98:Infinity:99:10:164:Infinity":8,"b:147:25:147:44:147:44:147:Infinity":9,"b:167:9:167:Infinity:168:10:189:Infinity":10,"f:176:16:176:27":7,"s:176:33:176:Infinity":48,"b:187:25:187:42:187:42:187:Infinity":11},"fnNames":{}}}
,"C:\\Anas\\ai-career-launchpad-main\\frontend\\src\\components\\Chatbot\\AIChatbot.jsx": {"path":"C:\\Anas\\ai-career-launchpad-main\\frontend\\src\\components\\Chatbot\\AIChatbot.jsx","statementMap":{"0":{"start":{"line":5,"column":21},"end":{"line":11,"column":null}},"1":{"start":{"line":13,"column":13},"end":{"line":163,"column":null}},"2":{"start":{"line":14,"column":19},"end":{"line":14,"column":null}},"3":{"start":{"line":15,"column":18},"end":{"line":15,"column":null}},"4":{"start":{"line":16,"column":16},"end":{"line":16,"column":null}},"5":{"start":{"line":17,"column":20},"end":{"line":17,"column":null}},"6":{"start":{"line":18,"column":16},"end":{"line":18,"column":null}},"7":{"start":{"line":19,"column":23},"end":{"line":19,"column":null}},"8":{"start":{"line":21,"column":2},"end":{"line":32,"column":null}},"9":{"start":{"line":22,"column":24},"end":{"line":29,"column":null}},"10":{"start":{"line":23,"column":6},"end":{"line":28,"column":null}},"11":{"start":{"line":24,"column":20},"end":{"line":24,"column":null}},"12":{"start":{"line":25,"column":8},"end":{"line":25,"column":null}},"13":{"start":{"line":27,"column":8},"end":{"line":27,"column":null}},"14":{"start":{"line":31,"column":4},"end":{"line":31,"column":null}},"15":{"start":{"line":34,"column":23},"end":{"line":72,"column":null}},"16":{"start":{"line":35,"column":4},"end":{"line":35,"column":null}},"17":{"start":{"line":37,"column":20},"end":{"line":37,"column":null}},"18":{"start":{"line":38,"column":4},"end":{"line":40,"column":null}},"19":{"start":{"line":39,"column":6},"end":{"line":39,"column":null}},"20":{"start":{"line":42,"column":4},"end":{"line":42,"column":null}},"21":{"start":{"line":43,"column":4},"end":{"line":43,"column":null}},"22":{"start":{"line":45,"column":24},"end":{"line":50,"column":null}},"23":{"start":{"line":52,"column":4},"end":{"line":52,"column":null}},"24":{"start":{"line":52,"column":29},"end":{"line":52,"column":54}},"25":{"start":{"line":53,"column":4},"end":{"line":53,"column":null}},"26":{"start":{"line":55,"column":4},"end":{"line":71,"column":null}},"27":{"start":{"line":56,"column":18},"end":{"line":56,"column":null}},"28":{"start":{"line":57,"column":6},"end":{"line":57,"column":null}},"29":{"start":{"line":58,"column":6},"end":{"line":66,"column":null}},"30":{"start":{"line":58,"column":31},"end":{"line":66,"column":7}},"31":{"start":{"line":68,"column":6},"end":{"line":68,"column":null}},"32":{"start":{"line":70,"column":6},"end":{"line":70,"column":null}},"33":{"start":{"line":74,"column":2},"end":{"line":161,"column":null}},"34":{"start":{"line":89,"column":49},"end":{"line":89,"column":75}},"35":{"start":{"line":91,"column":14},"end":{"line":93,"column":null}},"36":{"start":{"line":112,"column":14},"end":{"line":129,"column":null}},"37":{"start":{"line":144,"column":31},"end":{"line":144,"column":null}}},"fnMap":{"0":{"name":"(anonymous_0)","decl":{"start":{"line":13,"column":13},"end":{"line":13,"column":31}},"loc":{"start":{"line":13,"column":31},"end":{"line":163,"column":null}},"line":13},"1":{"name":"(anonymous_1)","decl":{"start":{"line":21,"column":2},"end":{"line":21,"column":18}},"loc":{"start":{"line":21,"column":18},"end":{"line":32,"column":5}},"line":21},"2":{"name":"(anonymous_2)","decl":{"start":{"line":22,"column":24},"end":{"line":22,"column":36}},"loc":{"start":{"line":22,"column":36},"end":{"line":29,"column":null}},"line":22},"3":{"name":"(anonymous_3)","decl":{"start":{"line":34,"column":23},"end":{"line":34,"column":30}},"loc":{"start":{"line":34,"column":40},"end":{"line":72,"column":null}},"line":34},"4":{"name":"(anonymous_4)","decl":{"start":{"line":52,"column":4},"end":{"line":52,"column":17}},"loc":{"start":{"line":52,"column":29},"end":{"line":52,"column":54}},"line":52},"5":{"name":"(anonymous_5)","decl":{"start":{"line":58,"column":6},"end":{"line":58,"column":19}},"loc":{"start":{"line":58,"column":31},"end":{"line":66,"column":7}},"line":58},"6":{"name":"(anonymous_6)","decl":{"start":{"line":89,"column":32},"end":{"line":89,"column":43}},"loc":{"start":{"line":89,"column":49},"end":{"line":89,"column":75}},"line":89},"7":{"name":"(anonymous_7)","decl":{"start":{"line":90,"column":26},"end":{"line":90,"column":31}},"loc":{"start":{"line":91,"column":14},"end":{"line":93,"column":null}},"line":91},"8":{"name":"(anonymous_8)","decl":{"start":{"line":111,"column":21},"end":{"line":111,"column":26}},"loc":{"start":{"line":112,"column":14},"end":{"line":129,"column":null}},"line":112},"9":{"name":"(anonymous_9)","decl":{"start":{"line":144,"column":14},"end":{"line":144,"column":25}},"loc":{"start":{"line":144,"column":31},"end":{"line":144,"column":null}},"line":144}},"branchMap":{"0":{"loc":{"start":{"line":25,"column":20},"end":{"line":25,"column":43}},"type":"binary-expr","locations":[{"start":{"line":25,"column":20},"end":{"line":25,"column":41}},{"start":{"line":25,"column":41},"end":{"line":25,"column":43}}],"line":25},"1":{"loc":{"start":{"line":38,"column":4},"end":{"line":40,"column":null}},"type":"if","locations":[{"start":{"line":38,"column":4},"end":{"line":40,"column":null}},{"start":{},"end":{}}],"line":38},"2":{"loc":{"start":{"line":68,"column":15},"end":{"line":68,"column":77}},"type":"binary-expr","locations":[{"start":{"line":68,"column":15},"end":{"line":68,"column":53}},{"start":{"line":68,"column":53},"end":{"line":68,"column":77}}],"line":68},"3":{"loc":{"start":{"line":96,"column":11},"end":{"line":101,"column":null}},"type":"binary-expr","locations":[{"start":{"line":96,"column":11},"end":{"line":96,"column":null}},{"start":{"line":97,"column":12},"end":{"line":101,"column":null}}],"line":96},"4":{"loc":{"start":{"line":104,"column":11},"end":{"line":130,"column":null}},"type":"cond-expr","locations":[{"start":{"line":105,"column":12},"end":{"line":111,"column":21}},{"start":{"line":111,"column":12},"end":{"line":130,"column":null}}],"line":104},"5":{"loc":{"start":{"line":114,"column":35},"end":{"line":114,"column":null}},"type":"cond-expr","locations":[{"start":{"line":114,"column":63},"end":{"line":114,"column":81}},{"start":{"line":114,"column":81},"end":{"line":114,"column":null}}],"line":114},"6":{"loc":{"start":{"line":118,"column":20},"end":{"line":120,"column":null}},"type":"cond-expr","locations":[{"start":{"line":119,"column":24},"end":{"line":119,"column":null}},{"start":{"line":120,"column":24},"end":{"line":120,"column":null}}],"line":118},"7":{"loc":{"start":{"line":124,"column":21},"end":{"line":125,"column":26}},"type":"cond-expr","locations":[{"start":{"line":124,"column":49},"end":{"line":124,"column":70}},{"start":{"line":124,"column":69},"end":{"line":125,"column":26}}],"line":124},"8":{"loc":{"start":{"line":125,"column":21},"end":{"line":125,"column":null}},"type":"cond-expr","locations":[{"start":{"line":125,"column":49},"end":{"line":125,"column":70}},{"start":{"line":125,"column":70},"end":{"line":125,"column":null}}],"line":125},"9":{"loc":{"start":{"line":135,"column":11},"end":{"line":141,"column":11}},"type":"binary-expr","locations":[{"start":{"line":135,"column":11},"end":{"line":135,"column":null}},{"start":{"line":136,"column":12},"end":{"line":141,"column":11}}],"line":135},"10":{"loc":{"start":{"line":152,"column":24},"end":{"line":152,"column":null}},"type":"binary-expr","locations":[{"start":{"line":152,"column":24},"end":{"line":152,"column":37}},{"start":{"line":152,"column":37},"end":{"line":152,"column":null}}],"line":152},"11":{"loc":{"start":{"line":155,"column":15},"end":{"line":155,"column":null}},"type":"cond-expr","locations":[{"start":{"line":155,"column":27},"end":{"line":155,"column":77}},{"start":{"line":155,"column":76},"end":{"line":155,"column":null}}],"line":155}},"s":{"0":1,"1":1,"2":67,"3":67,"4":67,"5":67,"6":67,"7":67,"8":67,"9":9,"10":9,"11":9,"12":9,"13":0,"14":9,"15":67,"16":3,"17":3,"18":3,"19":0,"20":3,"21":3,"22":3,"23":3,"24":3,"25":3,"26":3,"27":3,"28":2,"29":2,"30":2,"31":1,"32":3,"33":67,"34":0,"35":330,"36":12,"37":44},"f":{"0":67,"1":9,"2":9,"3":3,"4":3,"5":2,"6":0,"7":330,"8":12,"9":44},"b":{"0":[9,0],"1":[0,3],"2":[1,0],"3":[67,1],"4":[58,8],"5":[4,8],"6":[4,8],"7":[4,8],"8":[4,8],"9":[67,1],"10":[67,63],"11":[3,63]},"meta":{"lastBranch":12,"lastFunction":10,"lastStatement":38,"seen":{"s:5:21:11:Infinity":0,"s:13:13:163:Infinity":1,"f:13:13:13:31":0,"s:14:19:14:Infinity":2,"s:15:18:15:Infinity":3,"s:16:16:16:Infinity":4,"s:17:20:17:Infinity":5,"s:18:16:18:Infinity":6,"s:19:23:19:Infinity":7,"s:21:2:32:Infinity":8,"f:21:2:21:18":1,"s:22:24:29:Infinity":9,"f:22:24:22:36":2,"s:23:6:28:Infinity":10,"s:24:20:24:Infinity":11,"s:25:8:25:Infinity":12,"b:25:20:25:41:25:41:25:43":0,"s:27:8:27:Infinity":13,"s:31:4:31:Infinity":14,"s:34:23:72:Infinity":15,"f:34:23:34:30":3,"s:35:4:35:Infinity":16,"s:37:20:37:Infinity":17,"b:38:4:40:Infinity:undefined:undefined:undefined:undefined":1,"s:38:4:40:Infinity":18,"s:39:6:39:Infinity":19,"s:42:4:42:Infinity":20,"s:43:4:43:Infinity":21,"s:45:24:50:Infinity":22,"s:52:4:52:Infinity":23,"f:52:4:52:17":4,"s:52:29:52:54":24,"s:53:4:53:Infinity":25,"s:55:4:71:Infinity":26,"s:56:18:56:Infinity":27,"s:57:6:57:Infinity":28,"s:58:6:66:Infinity":29,"f:58:6:58:19":5,"s:58:31:66:7":30,"s:68:6:68:Infinity":31,"b:68:15:68:53:68:53:68:77":2,"s:70:6:70:Infinity":32,"s:74:2:161:Infinity":33,"f:89:32:89:43":6,"s:89:49:89:75":34,"f:90:26:90:31":7,"s:91:14:93:Infinity":35,"b:96:11:96:Infinity:97:12:101:Infinity":3,"b:105:12:111:21:111:12:130:Infinity":4,"f:111:21:111:26":8,"s:112:14:129:Infinity":36,"b:114:63:114:81:114:81:114:Infinity":5,"b:119:24:119:Infinity:120:24:120:Infinity":6,"b:124:49:124:70:124:69:125:26":7,"b:125:49:125:70:125:70:125:Infinity":8,"b:135:11:135:Infinity:136:12:141:11":9,"f:144:14:144:25":9,"s:144:31:144:Infinity":37,"b:152:24:152:37:152:37:152:Infinity":10,"b:155:27:155:77:155:76:155:Infinity":11},"fnNames":{}}}
,"C:\\Anas\\ai-career-launchpad-main\\frontend\\src\\components\\Dashboard\\Dashboard.jsx": {"path":"C:\\Anas\\ai-career-launchpad-main\\frontend\\src\\components\\Dashboard\\Dashboard.jsx","statementMap":{"0":{"start":{"line":9,"column":13},"end":{"line":183,"column":null}},"1":{"start":{"line":10,"column":25},"end":{"line":10,"column":null}},"2":{"start":{"line":10,"column":50},"end":{"line":10,"column":79}},"3":{"start":{"line":12,"column":2},"end":{"line":19,"column":null}},"4":{"start":{"line":13,"column":4},"end":{"line":17,"column":null}},"5":{"start":{"line":21,"column":2},"end":{"line":23,"column":null}},"6":{"start":{"line":22,"column":4},"end":{"line":22,"column":null}},"7":{"start":{"line":25,"column":18},"end":{"line":25,"column":null}},"8":{"start":{"line":26,"column":17},"end":{"line":26,"column":null}},"9":{"start":{"line":27,"column":25},"end":{"line":27,"column":null}},"10":{"start":{"line":29,"column":16},"end":{"line":72,"column":null}},"11":{"start":{"line":74,"column":18},"end":{"line":74,"column":null}},"12":{"start":{"line":75,"column":20},"end":{"line":75,"column":null}},"13":{"start":{"line":77,"column":2},"end":{"line":181,"column":null}},"14":{"start":{"line":88,"column":23},"end":{"line":88,"column":null}},"15":{"start":{"line":89,"column":10},"end":{"line":97,"column":null}},"16":{"start":{"line":122,"column":18},"end":{"line":122,"column":null}},"17":{"start":{"line":130,"column":14},"end":{"line":136,"column":null}},"18":{"start":{"line":147,"column":14},"end":{"line":157,"column":null}},"19":{"start":{"line":168,"column":14},"end":{"line":174,"column":null}}},"fnMap":{"0":{"name":"(anonymous_0)","decl":{"start":{"line":9,"column":13},"end":{"line":9,"column":31}},"loc":{"start":{"line":9,"column":31},"end":{"line":183,"column":null}},"line":9},"1":{"name":"(anonymous_1)","decl":{"start":{"line":10,"column":35},"end":{"line":10,"column":50}},"loc":{"start":{"line":10,"column":50},"end":{"line":10,"column":79}},"line":10},"2":{"name":"(anonymous_2)","decl":{"start":{"line":87,"column":15},"end":{"line":87,"column":20}},"loc":{"start":{"line":87,"column":29},"end":{"line":99,"column":9}},"line":87},"3":{"name":"(anonymous_3)","decl":{"start":{"line":121,"column":25},"end":{"line":121,"column":30}},"loc":{"start":{"line":122,"column":18},"end":{"line":122,"column":null}},"line":122},"4":{"name":"(anonymous_4)","decl":{"start":{"line":129,"column":21},"end":{"line":129,"column":26}},"loc":{"start":{"line":130,"column":14},"end":{"line":136,"column":null}},"line":130},"5":{"name":"(anonymous_5)","decl":{"start":{"line":146,"column":76},"end":{"line":146,"column":81}},"loc":{"start":{"line":147,"column":14},"end":{"line":157,"column":null}},"line":147},"6":{"name":"(anonymous_6)","decl":{"start":{"line":167,"column":70},"end":{"line":167,"column":75}},"loc":{"start":{"line":168,"column":14},"end":{"line":174,"column":null}},"line":168}},"branchMap":{"0":{"loc":{"start":{"line":12,"column":2},"end":{"line":19,"column":null}},"type":"if","locations":[{"start":{"line":12,"column":2},"end":{"line":19,"column":null}},{"start":{},"end":{}}],"line":12},"1":{"loc":{"start":{"line":21,"column":2},"end":{"line":23,"column":null}},"type":"if","locations":[{"start":{"line":21,"column":2},"end":{"line":23,"column":null}},{"start":{},"end":{}}],"line":21},"2":{"loc":{"start":{"line":32,"column":16},"end":{"line":32,"column":54}},"type":"binary-expr","locations":[{"start":{"line":32,"column":16},"end":{"line":32,"column":52}},{"start":{"line":32,"column":52},"end":{"line":32,"column":54}}],"line":32},"3":{"loc":{"start":{"line":35,"column":12},"end":{"line":35,"column":null}},"type":"binary-expr","locations":[{"start":{"line":35,"column":12},"end":{"line":35,"column":41}},{"start":{"line":35,"column":41},"end":{"line":35,"column":null}}],"line":35},"4":{"loc":{"start":{"line":39,"column":13},"end":{"line":39,"column":null}},"type":"cond-expr","locations":[{"start":{"line":39,"column":39},"end":{"line":39,"column":49}},{"start":{"line":39,"column":49},"end":{"line":39,"column":null}}],"line":39},"5":{"loc":{"start":{"line":42,"column":12},"end":{"line":42,"column":null}},"type":"cond-expr","locations":[{"start":{"line":42,"column":38},"end":{"line":42,"column":61}},{"start":{"line":42,"column":61},"end":{"line":42,"column":null}}],"line":42},"6":{"loc":{"start":{"line":46,"column":13},"end":{"line":46,"column":null}},"type":"binary-expr","locations":[{"start":{"line":46,"column":13},"end":{"line":46,"column":42}},{"start":{"line":46,"column":42},"end":{"line":46,"column":null}}],"line":46},"7":{"loc":{"start":{"line":53,"column":13},"end":{"line":53,"column":null}},"type":"cond-expr","locations":[{"start":{"line":53,"column":33},"end":{"line":53,"column":74}},{"start":{"line":53,"column":74},"end":{"line":53,"column":null}}],"line":53},"8":{"loc":{"start":{"line":56,"column":12},"end":{"line":56,"column":null}},"type":"binary-expr","locations":[{"start":{"line":56,"column":12},"end":{"line":56,"column":45}},{"start":{"line":56,"column":45},"end":{"line":56,"column":null}}],"line":56},"9":{"loc":{"start":{"line":60,"column":13},"end":{"line":60,"column":null}},"type":"binary-expr","locations":[{"start":{"line":60,"column":13},"end":{"line":60,"column":51}},{"start":{"line":60,"column":51},"end":{"line":60,"column":null}}],"line":60},"10":{"loc":{"start":{"line":63,"column":15},"end":{"line":63,"column":59}},"type":"binary-expr","locations":[{"start":{"line":63,"column":15},"end":{"line":63,"column":57}},{"start":{"line":63,"column":57},"end":{"line":63,"column":59}}],"line":63},"11":{"loc":{"start":{"line":67,"column":13},"end":{"line":67,"column":null}},"type":"binary-expr","locations":[{"start":{"line":67,"column":13},"end":{"line":67,"column":51}},{"start":{"line":67,"column":51},"end":{"line":67,"column":null}}],"line":67},"12":{"loc":{"start":{"line":74,"column":18},"end":{"line":74,"column":null}},"type":"binary-expr","locations":[{"start":{"line":74,"column":18},"end":{"line":74,"column":40}},{"start":{"line":74,"column":40},"end":{"line":74,"column":null}}],"line":74},"13":{"loc":{"start":{"line":106,"column":28},"end":{"line":106,"column":null}},"type":"binary-expr","locations":[{"start":{"line":106,"column":28},"end":{"line":106,"column":48}},{"start":{"line":106,"column":48},"end":{"line":106,"column":null}}],"line":106},"14":{"loc":{"start":{"line":146,"column":13},"end":{"line":159,"column":null}},"type":"cond-expr","locations":[{"start":{"line":146,"column":50},"end":{"line":158,"column":null}},{"start":{"line":159,"column":14},"end":{"line":159,"column":null}}],"line":146},"15":{"loc":{"start":{"line":167,"column":13},"end":{"line":176,"column":null}},"type":"cond-expr","locations":[{"start":{"line":167,"column":47},"end":{"line":175,"column":null}},{"start":{"line":176,"column":14},"end":{"line":176,"column":null}}],"line":167}},"s":{"0":1,"1":10,"2":0,"3":10,"4":1,"5":9,"6":1,"7":8,"8":10,"9":10,"10":10,"11":10,"12":10,"13":10,"14":48,"15":48,"16":16,"17":16,"18":7,"19":7},"f":{"0":10,"1":0,"2":48,"3":16,"4":16,"5":7,"6":7},"b":{"0":[1,9],"1":[1,8],"2":[10,0],"3":[10,0],"4":[7,1],"5":[7,1],"6":[10,0],"7":[8,0],"8":[10,0],"9":[10,0],"10":[10,0],"11":[10,0],"12":[10,0],"13":[10,0],"14":[7,1],"15":[7,1]},"meta":{"lastBranch":16,"lastFunction":7,"lastStatement":20,"seen":{"s:9:13:183:Infinity":0,"f:9:13:9:31":0,"s:10:25:10:Infinity":1,"f:10:35:10:50":1,"s:10:50:10:79":2,"b:12:2:19:Infinity:undefined:undefined:undefined:undefined":0,"s:12:2:19:Infinity":3,"s:13:4:17:Infinity":4,"b:21:2:23:Infinity:undefined:undefined:undefined:undefined":1,"s:21:2:23:Infinity":5,"s:22:4:22:Infinity":6,"s:25:18:25:Infinity":7,"s:26:17:26:Infinity":8,"s:27:25:27:Infinity":9,"s:29:16:72:Infinity":10,"b:32:16:32:52:32:52:32:54":2,"b:35:12:35:41:35:41:35:Infinity":3,"b:39:39:39:49:39:49:39:Infinity":4,"b:42:38:42:61:42:61:42:Infinity":5,"b:46:13:46:42:46:42:46:Infinity":6,"b:53:33:53:74:53:74:53:Infinity":7,"b:56:12:56:45:56:45:56:Infinity":8,"b:60:13:60:51:60:51:60:Infinity":9,"b:63:15:63:57:63:57:63:59":10,"b:67:13:67:51:67:51:67:Infinity":11,"s:74:18:74:Infinity":11,"b:74:18:74:40:74:40:74:Infinity":12,"s:75:20:75:Infinity":12,"s:77:2:181:Infinity":13,"f:87:15:87:20":2,"s:88:23:88:Infinity":14,"s:89:10:97:Infinity":15,"b:106:28:106:48:106:48:106:Infinity":13,"f:121:25:121:30":3,"s:122:18:122:Infinity":16,"f:129:21:129:26":4,"s:130:14:136:Infinity":17,"b:146:50:158:Infinity:159:14:159:Infinity":14,"f:146:76:146:81":5,"s:147:14:157:Infinity":18,"b:167:47:175:Infinity:176:14:176:Infinity":15,"f:167:70:167:75":6,"s:168:14:174:Infinity":19},"fnNames":{}}}
,"C:\\Anas\\ai-career-launchpad-main\\frontend\\src\\components\\Interview\\MockInterview.jsx": {"path":"C:\\Anas\\ai-career-launchpad-main\\frontend\\src\\components\\Interview\\MockInterview.jsx","statementMap":{"0":{"start":{"line":16,"column":13},"end":{"line":296,"column":null}},"1":{"start":{"line":30,"column":4},"end":{"line":31,"column":null}},"2":{"start":{"line":33,"column":23},"end":{"line":33,"column":null}},"3":{"start":{"line":34,"column":24},"end":{"line":34,"column":null}},"4":{"start":{"line":35,"column":19},"end":{"line":35,"column":null}},"5":{"start":{"line":37,"column":2},"end":{"line":40,"column":null}},"6":{"start":{"line":38,"column":4},"end":{"line":38,"column":null}},"7":{"start":{"line":39,"column":4},"end":{"line":39,"column":null}},"8":{"start":{"line":43,"column":2},"end":{"line":57,"column":null}},"9":{"start":{"line":44,"column":4},"end":{"line":44,"column":null}},"10":{"start":{"line":44,"column":70},"end":{"line":44,"column":null}},"11":{"start":{"line":46,"column":18},"end":{"line":54,"column":null}},"12":{"start":{"line":47,"column":6},"end":{"line":53,"column":null}},"13":{"start":{"line":48,"column":8},"end":{"line":51,"column":null}},"14":{"start":{"line":49,"column":10},"end":{"line":49,"column":null}},"15":{"start":{"line":50,"column":10},"end":{"line":50,"column":null}},"16":{"start":{"line":52,"column":8},"end":{"line":52,"column":null}},"17":{"start":{"line":56,"column":4},"end":{"line":56,"column":null}},"18":{"start":{"line":56,"column":17},"end":{"line":56,"column":null}},"19":{"start":{"line":60,"column":2},"end":{"line":62,"column":null}},"20":{"start":{"line":61,"column":4},"end":{"line":61,"column":null}},"21":{"start":{"line":64,"column":22},"end":{"line":71,"column":null}},"22":{"start":{"line":65,"column":4},"end":{"line":65,"column":null}},"23":{"start":{"line":65,"column":23},"end":{"line":65,"column":null}},"24":{"start":{"line":66,"column":20},"end":{"line":66,"column":null}},"25":{"start":{"line":67,"column":4},"end":{"line":70,"column":null}},"26":{"start":{"line":68,"column":6},"end":{"line":68,"column":null}},"27":{"start":{"line":69,"column":6},"end":{"line":69,"column":null}},"28":{"start":{"line":73,"column":29},"end":{"line":81,"column":null}},"29":{"start":{"line":74,"column":4},"end":{"line":74,"column":null}},"30":{"start":{"line":74,"column":27},"end":{"line":74,"column":null}},"31":{"start":{"line":76,"column":4},"end":{"line":80,"column":null}},"32":{"start":{"line":77,"column":6},"end":{"line":77,"column":null}},"33":{"start":{"line":77,"column":31},"end":{"line":77,"column":39}},"34":{"start":{"line":79,"column":6},"end":{"line":79,"column":null}},"35":{"start":{"line":83,"column":8},"end":{"line":85,"column":null}},"36":{"start":{"line":84,"column":4},"end":{"line":84,"column":null}},"37":{"start":{"line":87,"column":8},"end":{"line":91,"column":null}},"38":{"start":{"line":88,"column":17},"end":{"line":88,"column":null}},"39":{"start":{"line":89,"column":17},"end":{"line":89,"column":null}},"40":{"start":{"line":90,"column":4},"end":{"line":90,"column":null}},"41":{"start":{"line":93,"column":2},"end":{"line":294,"column":null}},"42":{"start":{"line":114,"column":35},"end":{"line":114,"column":null}},"43":{"start":{"line":120,"column":20},"end":{"line":122,"column":null}},"44":{"start":{"line":170,"column":37},"end":{"line":170,"column":null}},"45":{"start":{"line":171,"column":18},"end":{"line":187,"column":null}},"46":{"start":{"line":174,"column":37},"end":{"line":174,"column":null}},"47":{"start":{"line":227,"column":18},"end":{"line":244,"column":null}},"48":{"start":{"line":272,"column":16},"end":{"line":288,"column":null}},"49":{"start":{"line":274,"column":33},"end":{"line":274,"column":null}}},"fnMap":{"0":{"name":"(anonymous_0)","decl":{"start":{"line":16,"column":13},"end":{"line":16,"column":35}},"loc":{"start":{"line":16,"column":35},"end":{"line":296,"column":null}},"line":16},"1":{"name":"(anonymous_1)","decl":{"start":{"line":37,"column":2},"end":{"line":37,"column":18}},"loc":{"start":{"line":37,"column":18},"end":{"line":40,"column":5}},"line":37},"2":{"name":"(anonymous_2)","decl":{"start":{"line":43,"column":2},"end":{"line":43,"column":18}},"loc":{"start":{"line":43,"column":18},"end":{"line":57,"column":5}},"line":43},"3":{"name":"(anonymous_3)","decl":{"start":{"line":46,"column":18},"end":{"line":46,"column":36}},"loc":{"start":{"line":46,"column":36},"end":{"line":54,"column":7}},"line":46},"4":{"name":"(anonymous_4)","decl":{"start":{"line":47,"column":6},"end":{"line":47,"column":19}},"loc":{"start":{"line":47,"column":28},"end":{"line":53,"column":7}},"line":47},"5":{"name":"(anonymous_5)","decl":{"start":{"line":56,"column":4},"end":{"line":56,"column":17}},"loc":{"start":{"line":56,"column":17},"end":{"line":56,"column":null}},"line":56},"6":{"name":"(anonymous_6)","decl":{"start":{"line":60,"column":2},"end":{"line":60,"column":18}},"loc":{"start":{"line":60,"column":18},"end":{"line":62,"column":5}},"line":60},"7":{"name":"(anonymous_7)","decl":{"start":{"line":64,"column":22},"end":{"line":64,"column":34}},"loc":{"start":{"line":64,"column":34},"end":{"line":71,"column":null}},"line":64},"8":{"name":"(anonymous_8)","decl":{"start":{"line":73,"column":29},"end":{"line":73,"column":41}},"loc":{"start":{"line":73,"column":41},"end":{"line":81,"column":null}},"line":73},"9":{"name":"(anonymous_9)","decl":{"start":{"line":77,"column":6},"end":{"line":77,"column":23}},"loc":{"start":{"line":77,"column":31},"end":{"line":77,"column":39}},"line":77},"10":{"name":"(anonymous_10)","decl":{"start":{"line":83,"column":8},"end":{"line":83,"column":30}},"loc":{"start":{"line":83,"column":41},"end":{"line":85,"column":null}},"line":83},"11":{"name":"(anonymous_11)","decl":{"start":{"line":87,"column":8},"end":{"line":87,"column":22}},"loc":{"start":{"line":87,"column":34},"end":{"line":91,"column":null}},"line":87},"12":{"name":"(anonymous_12)","decl":{"start":{"line":114,"column":18},"end":{"line":114,"column":29}},"loc":{"start":{"line":114,"column":35},"end":{"line":114,"column":null}},"line":114},"13":{"name":"(anonymous_13)","decl":{"start":{"line":119,"column":25},"end":{"line":119,"column":30}},"loc":{"start":{"line":120,"column":20},"end":{"line":122,"column":null}},"line":120},"14":{"name":"(anonymous_14)","decl":{"start":{"line":169,"column":69},"end":{"line":169,"column":74}},"loc":{"start":{"line":169,"column":90},"end":{"line":189,"column":17}},"line":169},"15":{"name":"(anonymous_15)","decl":{"start":{"line":174,"column":22},"end":{"line":174,"column":37}},"loc":{"start":{"line":174,"column":37},"end":{"line":174,"column":null}},"line":174},"16":{"name":"(anonymous_16)","decl":{"start":{"line":226,"column":44},"end":{"line":226,"column":49}},"loc":{"start":{"line":227,"column":18},"end":{"line":244,"column":null}},"line":227},"17":{"name":"(anonymous_17)","decl":{"start":{"line":271,"column":22},"end":{"line":271,"column":27}},"loc":{"start":{"line":272,"column":16},"end":{"line":288,"column":null}},"line":272},"18":{"name":"(anonymous_18)","decl":{"start":{"line":274,"column":18},"end":{"line":274,"column":33}},"loc":{"start":{"line":274,"column":33},"end":{"line":274,"column":null}},"line":274}},"branchMap":{"0":{"loc":{"start":{"line":44,"column":4},"end":{"line":44,"column":null}},"type":"if","locations":[{"start":{"line":44,"column":4},"end":{"line":44,"column":null}},{"start":{},"end":{}}],"line":44},"1":{"loc":{"start":{"line":44,"column":8},"end":{"line":44,"column":70}},"type":"binary-expr","locations":[{"start":{"line":44,"column":8},"end":{"line":44,"column":29}},{"start":{"line":44,"column":29},"end":{"line":44,"column":70}}],"line":44},"2":{"loc":{"start":{"line":48,"column":8},"end":{"line":51,"column":null}},"type":"if","locations":[{"start":{"line":48,"column":8},"end":{"line":51,"column":null}},{"start":{},"end":{}}],"line":48},"3":{"loc":{"start":{"line":65,"column":4},"end":{"line":65,"column":null}},"type":"if","locations":[{"start":{"line":65,"column":4},"end":{"line":65,"column":null}},{"start":{},"end":{}}],"line":65},"4":{"loc":{"start":{"line":67,"column":4},"end":{"line":70,"column":null}},"type":"if","locations":[{"start":{"line":67,"column":4},"end":{"line":70,"column":null}},{"start":{},"end":{}}],"line":67},"5":{"loc":{"start":{"line":74,"column":4},"end":{"line":74,"column":null}},"type":"if","locations":[{"start":{"line":74,"column":4},"end":{"line":74,"column":null}},{"start":{},"end":{}}],"line":74},"6":{"loc":{"start":{"line":76,"column":4},"end":{"line":80,"column":null}},"type":"if","locations":[{"start":{"line":76,"column":4},"end":{"line":80,"column":null}},{"start":{"line":78,"column":11},"end":{"line":80,"column":null}}],"line":76},"7":{"loc":{"start":{"line":107,"column":11},"end":{"line":141,"column":null}},"type":"binary-expr","locations":[{"start":{"line":107,"column":11},"end":{"line":107,"column":null}},{"start":{"line":108,"column":12},"end":{"line":141,"column":null}}],"line":107},"8":{"loc":{"start":{"line":128,"column":28},"end":{"line":128,"column":null}},"type":"binary-expr","locations":[{"start":{"line":128,"column":28},"end":{"line":128,"column":45}},{"start":{"line":128,"column":45},"end":{"line":128,"column":null}}],"line":128},"9":{"loc":{"start":{"line":131,"column":19},"end":{"line":131,"column":null}},"type":"cond-expr","locations":[{"start":{"line":131,"column":31},"end":{"line":131,"column":81}},{"start":{"line":131,"column":80},"end":{"line":131,"column":null}}],"line":131},"10":{"loc":{"start":{"line":136,"column":15},"end":{"line":139,"column":null}},"type":"binary-expr","locations":[{"start":{"line":136,"column":15},"end":{"line":136,"column":null}},{"start":{"line":137,"column":16},"end":{"line":139,"column":null}}],"line":136},"11":{"loc":{"start":{"line":144,"column":11},"end":{"line":207,"column":null}},"type":"binary-expr","locations":[{"start":{"line":144,"column":11},"end":{"line":144,"column":31}},{"start":{"line":144,"column":31},"end":{"line":144,"column":null}},{"start":{"line":145,"column":12},"end":{"line":207,"column":null}}],"line":144},"12":{"loc":{"start":{"line":158,"column":104},"end":{"line":158,"column":null}},"type":"cond-expr","locations":[{"start":{"line":158,"column":121},"end":{"line":158,"column":163}},{"start":{"line":158,"column":163},"end":{"line":158,"column":null}}],"line":158},"13":{"loc":{"start":{"line":176,"column":24},"end":{"line":178,"column":null}},"type":"cond-expr","locations":[{"start":{"line":177,"column":28},"end":{"line":177,"column":null}},{"start":{"line":178,"column":28},"end":{"line":178,"column":null}}],"line":176},"14":{"loc":{"start":{"line":182,"column":106},"end":{"line":182,"column":null}},"type":"cond-expr","locations":[{"start":{"line":182,"column":119},"end":{"line":182,"column":141}},{"start":{"line":182,"column":141},"end":{"line":182,"column":null}}],"line":182},"15":{"loc":{"start":{"line":183,"column":27},"end":{"line":183,"column":null}},"type":"binary-expr","locations":[{"start":{"line":183,"column":27},"end":{"line":183,"column":41}},{"start":{"line":183,"column":41},"end":{"line":183,"column":null}}],"line":183},"16":{"loc":{"start":{"line":185,"column":56},"end":{"line":185,"column":109}},"type":"cond-expr","locations":[{"start":{"line":185,"column":69},"end":{"line":185,"column":89}},{"start":{"line":185,"column":89},"end":{"line":185,"column":109}}],"line":185},"17":{"loc":{"start":{"line":198,"column":19},"end":{"line":203,"column":null}},"type":"cond-expr","locations":[{"start":{"line":199,"column":20},"end":{"line":200,"column":40}},{"start":{"line":200,"column":22},"end":{"line":203,"column":null}}],"line":198},"18":{"loc":{"start":{"line":200,"column":22},"end":{"line":203,"column":null}},"type":"cond-expr","locations":[{"start":{"line":201,"column":20},"end":{"line":201,"column":null}},{"start":{"line":203,"column":20},"end":{"line":203,"column":null}}],"line":200},"19":{"loc":{"start":{"line":210,"column":11},"end":{"line":257,"column":null}},"type":"binary-expr","locations":[{"start":{"line":210,"column":11},"end":{"line":210,"column":31}},{"start":{"line":210,"column":31},"end":{"line":210,"column":null}},{"start":{"line":211,"column":12},"end":{"line":257,"column":null}}],"line":210},"20":{"loc":{"start":{"line":230,"column":23},"end":{"line":235,"column":23}},"type":"cond-expr","locations":[{"start":{"line":231,"column":24},"end":{"line":233,"column":25}},{"start":{"line":233,"column":24},"end":{"line":235,"column":23}}],"line":230},"21":{"loc":{"start":{"line":236,"column":38},"end":{"line":236,"column":114}},"type":"cond-expr","locations":[{"start":{"line":236,"column":52},"end":{"line":236,"column":85}},{"start":{"line":236,"column":85},"end":{"line":236,"column":114}}],"line":236},"22":{"loc":{"start":{"line":237,"column":40},"end":{"line":237,"column":null}},"type":"binary-expr","locations":[{"start":{"line":237,"column":40},"end":{"line":237,"column":52}},{"start":{"line":237,"column":52},"end":{"line":237,"column":null}}],"line":237},"23":{"loc":{"start":{"line":239,"column":25},"end":{"line":242,"column":null}},"type":"binary-expr","locations":[{"start":{"line":239,"column":25},"end":{"line":239,"column":null}},{"start":{"line":240,"column":26},"end":{"line":242,"column":null}}],"line":239},"24":{"loc":{"start":{"line":268,"column":13},"end":{"line":289,"column":null}},"type":"cond-expr","locations":[{"start":{"line":269,"column":15},"end":{"line":271,"column":22}},{"start":{"line":271,"column":14},"end":{"line":289,"column":null}}],"line":268},"25":{"loc":{"start":{"line":279,"column":21},"end":{"line":284,"column":null}},"type":"binary-expr","locations":[{"start":{"line":279,"column":21},"end":{"line":279,"column":null}},{"start":{"line":280,"column":22},"end":{"line":284,"column":null}}],"line":279}},"s":{"0":1,"1":5,"2":5,"3":5,"4":5,"5":5,"6":3,"7":3,"8":5,"9":3,"10":2,"11":1,"12":0,"13":0,"14":0,"15":0,"16":0,"17":1,"18":1,"19":5,"20":3,"21":5,"22":1,"23":0,"24":1,"25":1,"26":0,"27":0,"28":5,"29":1,"30":0,"31":1,"32":0,"33":0,"34":1,"35":5,"36":1,"37":5,"38":1,"39":1,"40":1,"41":5,"42":1,"43":8,"44":4,"45":4,"46":1,"47":0,"48":0,"49":0},"f":{"0":5,"1":3,"2":3,"3":0,"4":0,"5":1,"6":3,"7":1,"8":1,"9":0,"10":1,"11":1,"12":1,"13":8,"14":4,"15":1,"16":0,"17":0,"18":0},"b":{"0":[2,1],"1":[3,1],"2":[0,0],"3":[0,1],"4":[0,1],"5":[0,1],"6":[0,1],"7":[5,4],"8":[4,2],"9":[0,4],"10":[4,0],"11":[5,1,1],"12":[0,1],"13":[0,4],"14":[0,4],"15":[4,0],"16":[0,4],"17":[0,1],"18":[1,0],"19":[5,1,0],"20":[0,0],"21":[0,0],"22":[0,0],"23":[0,0],"24":[5,0],"25":[0,0]},"meta":{"lastBranch":26,"lastFunction":19,"lastStatement":50,"seen":{"s:16:13:296:Infinity":0,"f:16:13:16:35":0,"s:30:4:31:Infinity":1,"s:33:23:33:Infinity":2,"s:34:24:34:Infinity":3,"s:35:19:35:Infinity":4,"s:37:2:40:Infinity":5,"f:37:2:37:18":1,"s:38:4:38:Infinity":6,"s:39:4:39:Infinity":7,"s:43:2:57:Infinity":8,"f:43:2:43:18":2,"b:44:4:44:Infinity:undefined:undefined:undefined:undefined":0,"s:44:4:44:Infinity":9,"b:44:8:44:29:44:29:44:70":1,"s:44:70:44:Infinity":10,"s:46:18:54:Infinity":11,"f:46:18:46:36":3,"s:47:6:53:Infinity":12,"f:47:6:47:19":4,"b:48:8:51:Infinity:undefined:undefined:undefined:undefined":2,"s:48:8:51:Infinity":13,"s:49:10:49:Infinity":14,"s:50:10:50:Infinity":15,"s:52:8:52:Infinity":16,"s:56:4:56:Infinity":17,"f:56:4:56:17":5,"s:56:17:56:Infinity":18,"s:60:2:62:Infinity":19,"f:60:2:60:18":6,"s:61:4:61:Infinity":20,"s:64:22:71:Infinity":21,"f:64:22:64:34":7,"b:65:4:65:Infinity:undefined:undefined:undefined:undefined":3,"s:65:4:65:Infinity":22,"s:65:23:65:Infinity":23,"s:66:20:66:Infinity":24,"b:67:4:70:Infinity:undefined:undefined:undefined:undefined":4,"s:67:4:70:Infinity":25,"s:68:6:68:Infinity":26,"s:69:6:69:Infinity":27,"s:73:29:81:Infinity":28,"f:73:29:73:41":8,"b:74:4:74:Infinity:undefined:undefined:undefined:undefined":5,"s:74:4:74:Infinity":29,"s:74:27:74:Infinity":30,"b:76:4:80:Infinity:78:11:80:Infinity":6,"s:76:4:80:Infinity":31,"s:77:6:77:Infinity":32,"f:77:6:77:23":9,"s:77:31:77:39":33,"s:79:6:79:Infinity":34,"s:83:8:85:Infinity":35,"f:83:8:83:30":10,"s:84:4:84:Infinity":36,"s:87:8:91:Infinity":37,"f:87:8:87:22":11,"s:88:17:88:Infinity":38,"s:89:17:89:Infinity":39,"s:90:4:90:Infinity":40,"s:93:2:294:Infinity":41,"b:107:11:107:Infinity:108:12:141:Infinity":7,"f:114:18:114:29":12,"s:114:35:114:Infinity":42,"f:119:25:119:30":13,"s:120:20:122:Infinity":43,"b:128:28:128:45:128:45:128:Infinity":8,"b:131:31:131:81:131:80:131:Infinity":9,"b:136:15:136:Infinity:137:16:139:Infinity":10,"b:144:11:144:31:144:31:144:Infinity:145:12:207:Infinity":11,"b:158:121:158:163:158:163:158:Infinity":12,"f:169:69:169:74":14,"s:170:37:170:Infinity":44,"s:171:18:187:Infinity":45,"f:174:22:174:37":15,"s:174:37:174:Infinity":46,"b:177:28:177:Infinity:178:28:178:Infinity":13,"b:182:119:182:141:182:141:182:Infinity":14,"b:183:27:183:41:183:41:183:Infinity":15,"b:185:69:185:89:185:89:185:109":16,"b:199:20:200:40:200:22:203:Infinity":17,"b:201:20:201:Infinity:203:20:203:Infinity":18,"b:210:11:210:31:210:31:210:Infinity:211:12:257:Infinity":19,"f:226:44:226:49":16,"s:227:18:244:Infinity":47,"b:231:24:233:25:233:24:235:23":20,"b:236:52:236:85:236:85:236:114":21,"b:237:40:237:52:237:52:237:Infinity":22,"b:239:25:239:Infinity:240:26:242:Infinity":23,"b:269:15:271:22:271:14:289:Infinity":24,"f:271:22:271:27":17,"s:272:16:288:Infinity":48,"f:274:18:274:33":18,"s:274:33:274:Infinity":49,"b:279:21:279:Infinity:280:22:284:Infinity":25},"fnNames":{}}}
,"C:\\Anas\\ai-career-launchpad-main\\frontend\\src\\components\\Jobs\\JobFinder.jsx": {"path":"C:\\Anas\\ai-career-launchpad-main\\frontend\\src\\components\\Jobs\\JobFinder.jsx","statementMap":{"0":{"start":{"line":16,"column":20},"end":{"line":20,"column":null}},"1":{"start":{"line":22,"column":6},"end":{"line":29,"column":null}},"2":{"start":{"line":23,"column":2},"end":{"line":25,"column":null}},"3":{"start":{"line":24,"column":4},"end":{"line":24,"column":null}},"4":{"start":{"line":27,"column":16},"end":{"line":27,"column":null}},"5":{"start":{"line":27,"column":72},"end":{"line":27,"column":94}},"6":{"start":{"line":28,"column":2},"end":{"line":28,"column":null}},"7":{"start":{"line":31,"column":13},"end":{"line":334,"column":null}},"8":{"start":{"line":46,"column":4},"end":{"line":47,"column":null}},"9":{"start":{"line":49,"column":23},"end":{"line":53,"column":null}},"10":{"start":{"line":55,"column":2},"end":{"line":58,"column":null}},"11":{"start":{"line":56,"column":4},"end":{"line":56,"column":null}},"12":{"start":{"line":57,"column":4},"end":{"line":57,"column":null}},"13":{"start":{"line":60,"column":8},"end":{"line":66,"column":null}},"14":{"start":{"line":61,"column":4},"end":{"line":63,"column":null}},"15":{"start":{"line":62,"column":6},"end":{"line":62,"column":null}},"16":{"start":{"line":65,"column":4},"end":{"line":65,"column":null}},"17":{"start":{"line":68,"column":8},"end":{"line":76,"column":null}},"18":{"start":{"line":69,"column":4},"end":{"line":69,"column":null}},"19":{"start":{"line":70,"column":20},"end":{"line":70,"column":null}},"20":{"start":{"line":71,"column":21},"end":{"line":71,"column":null}},"21":{"start":{"line":72,"column":25},"end":{"line":72,"column":null}},"22":{"start":{"line":73,"column":4},"end":{"line":73,"column":null}},"23":{"start":{"line":74,"column":4},"end":{"line":74,"column":null}},"24":{"start":{"line":75,"column":4},"end":{"line":75,"column":null}},"25":{"start":{"line":78,"column":27},"end":{"line":81,"column":null}},"26":{"start":{"line":79,"column":4},"end":{"line":79,"column":null}},"27":{"start":{"line":80,"column":4},"end":{"line":80,"column":null}},"28":{"start":{"line":83,"column":8},"end":{"line":85,"column":null}},"29":{"start":{"line":84,"column":4},"end":{"line":84,"column":null}},"30":{"start":{"line":87,"column":2},"end":{"line":332,"column":null}},"31":{"start":{"line":107,"column":33},"end":{"line":107,"column":null}},"32":{"start":{"line":107,"column":61},"end":{"line":107,"column":99}},"33":{"start":{"line":119,"column":31},"end":{"line":119,"column":null}},"34":{"start":{"line":119,"column":59},"end":{"line":119,"column":98}},"35":{"start":{"line":130,"column":31},"end":{"line":130,"column":null}},"36":{"start":{"line":130,"column":59},"end":{"line":130,"column":94}},"37":{"start":{"line":134,"column":16},"end":{"line":136,"column":null}},"38":{"start":{"line":176,"column":12},"end":{"line":236,"column":null}},"39":{"start":{"line":201,"column":38},"end":{"line":201,"column":null}},"40":{"start":{"line":216,"column":18},"end":{"line":218,"column":null}},"41":{"start":{"line":230,"column":33},"end":{"line":230,"column":null}},"42":{"start":{"line":244,"column":27},"end":{"line":244,"column":null}},"43":{"start":{"line":254,"column":27},"end":{"line":254,"column":null}},"44":{"start":{"line":300,"column":22},"end":{"line":302,"column":null}},"45":{"start":{"line":312,"column":33},"end":{"line":312,"column":null}}},"fnMap":{"0":{"name":"(anonymous_0)","decl":{"start":{"line":22,"column":6},"end":{"line":22,"column":22}},"loc":{"start":{"line":22,"column":33},"end":{"line":29,"column":null}},"line":22},"1":{"name":"(anonymous_1)","decl":{"start":{"line":27,"column":57},"end":{"line":27,"column":62}},"loc":{"start":{"line":27,"column":72},"end":{"line":27,"column":94}},"line":27},"2":{"name":"(anonymous_2)","decl":{"start":{"line":31,"column":13},"end":{"line":31,"column":31}},"loc":{"start":{"line":31,"column":31},"end":{"line":334,"column":null}},"line":31},"3":{"name":"(anonymous_3)","decl":{"start":{"line":55,"column":2},"end":{"line":55,"column":18}},"loc":{"start":{"line":55,"column":18},"end":{"line":58,"column":5}},"line":55},"4":{"name":"(anonymous_4)","decl":{"start":{"line":60,"column":24},"end":{"line":60,"column":38}},"loc":{"start":{"line":60,"column":38},"end":{"line":66,"column":5}},"line":60},"5":{"name":"(anonymous_5)","decl":{"start":{"line":68,"column":8},"end":{"line":68,"column":24}},"loc":{"start":{"line":68,"column":34},"end":{"line":76,"column":null}},"line":68},"6":{"name":"(anonymous_6)","decl":{"start":{"line":78,"column":27},"end":{"line":78,"column":34}},"loc":{"start":{"line":78,"column":49},"end":{"line":81,"column":null}},"line":78},"7":{"name":"(anonymous_7)","decl":{"start":{"line":83,"column":8},"end":{"line":83,"column":20}},"loc":{"start":{"line":83,"column":29},"end":{"line":85,"column":null}},"line":83},"8":{"name":"(anonymous_8)","decl":{"start":{"line":107,"column":16},"end":{"line":107,"column":27}},"loc":{"start":{"line":107,"column":33},"end":{"line":107,"column":null}},"line":107},"9":{"name":"(anonymous_9)","decl":{"start":{"line":107,"column":33},"end":{"line":107,"column":50}},"loc":{"start":{"line":107,"column":61},"end":{"line":107,"column":99}},"line":107},"10":{"name":"(anonymous_10)","decl":{"start":{"line":119,"column":14},"end":{"line":119,"column":25}},"loc":{"start":{"line":119,"column":31},"end":{"line":119,"column":null}},"line":119},"11":{"name":"(anonymous_11)","decl":{"start":{"line":119,"column":31},"end":{"line":119,"column":48}},"loc":{"start":{"line":119,"column":59},"end":{"line":119,"column":98}},"line":119},"12":{"name":"(anonymous_12)","decl":{"start":{"line":130,"column":14},"end":{"line":130,"column":25}},"loc":{"start":{"line":130,"column":31},"end":{"line":130,"column":null}},"line":130},"13":{"name":"(anonymous_13)","decl":{"start":{"line":130,"column":31},"end":{"line":130,"column":48}},"loc":{"start":{"line":130,"column":59},"end":{"line":130,"column":94}},"line":130},"14":{"name":"(anonymous_14)","decl":{"start":{"line":133,"column":27},"end":{"line":133,"column":32}},"loc":{"start":{"line":134,"column":16},"end":{"line":136,"column":null}},"line":134},"15":{"name":"(anonymous_15)","decl":{"start":{"line":175,"column":16},"end":{"line":175,"column":21}},"loc":{"start":{"line":176,"column":12},"end":{"line":236,"column":null}},"line":176},"16":{"name":"(anonymous_16)","decl":{"start":{"line":201,"column":18},"end":{"line":201,"column":28}},"loc":{"start":{"line":201,"column":38},"end":{"line":201,"column":null}},"line":201},"17":{"name":"(anonymous_17)","decl":{"start":{"line":215,"column":48},"end":{"line":215,"column":53}},"loc":{"start":{"line":216,"column":18},"end":{"line":218,"column":null}},"line":216},"18":{"name":"(anonymous_18)","decl":{"start":{"line":230,"column":18},"end":{"line":230,"column":33}},"loc":{"start":{"line":230,"column":33},"end":{"line":230,"column":null}},"line":230},"19":{"name":"(anonymous_19)","decl":{"start":{"line":244,"column":12},"end":{"line":244,"column":27}},"loc":{"start":{"line":244,"column":27},"end":{"line":244,"column":null}},"line":244},"20":{"name":"(anonymous_20)","decl":{"start":{"line":254,"column":12},"end":{"line":254,"column":27}},"loc":{"start":{"line":254,"column":27},"end":{"line":254,"column":null}},"line":254},"21":{"name":"(anonymous_21)","decl":{"start":{"line":299,"column":39},"end":{"line":299,"column":44}},"loc":{"start":{"line":300,"column":22},"end":{"line":302,"column":null}},"line":300},"22":{"name":"(anonymous_22)","decl":{"start":{"line":312,"column":18},"end":{"line":312,"column":33}},"loc":{"start":{"line":312,"column":33},"end":{"line":312,"column":null}},"line":312}},"branchMap":{"0":{"loc":{"start":{"line":23,"column":2},"end":{"line":25,"column":null}},"type":"if","locations":[{"start":{"line":23,"column":2},"end":{"line":25,"column":null}},{"start":{},"end":{}}],"line":23},"1":{"loc":{"start":{"line":23,"column":6},"end":{"line":23,"column":47}},"type":"binary-expr","locations":[{"start":{"line":23,"column":6},"end":{"line":23,"column":18}},{"start":{"line":23,"column":18},"end":{"line":23,"column":33}},{"start":{"line":23,"column":33},"end":{"line":23,"column":47}}],"line":23},"2":{"loc":{"start":{"line":28,"column":12},"end":{"line":28,"column":37}},"type":"binary-expr","locations":[{"start":{"line":28,"column":12},"end":{"line":28,"column":31}},{"start":{"line":28,"column":31},"end":{"line":28,"column":37}}],"line":28},"3":{"loc":{"start":{"line":61,"column":4},"end":{"line":63,"column":null}},"type":"if","locations":[{"start":{"line":61,"column":4},"end":{"line":63,"column":null}},{"start":{},"end":{}}],"line":61},"4":{"loc":{"start":{"line":70,"column":20},"end":{"line":70,"column":null}},"type":"binary-expr","locations":[{"start":{"line":70,"column":20},"end":{"line":70,"column":52}},{"start":{"line":70,"column":52},"end":{"line":70,"column":null}}],"line":70},"5":{"loc":{"start":{"line":71,"column":21},"end":{"line":71,"column":null}},"type":"binary-expr","locations":[{"start":{"line":71,"column":21},"end":{"line":71,"column":54}},{"start":{"line":71,"column":54},"end":{"line":71,"column":null}}],"line":71},"6":{"loc":{"start":{"line":145,"column":13},"end":{"line":145,"column":null}},"type":"cond-expr","locations":[{"start":{"line":145,"column":25},"end":{"line":145,"column":75}},{"start":{"line":145,"column":74},"end":{"line":145,"column":null}}],"line":145},"7":{"loc":{"start":{"line":150,"column":9},"end":{"line":153,"column":null}},"type":"binary-expr","locations":[{"start":{"line":150,"column":9},"end":{"line":150,"column":null}},{"start":{"line":151,"column":10},"end":{"line":153,"column":null}}],"line":150},"8":{"loc":{"start":{"line":156,"column":9},"end":{"line":159,"column":null}},"type":"binary-expr","locations":[{"start":{"line":156,"column":9},"end":{"line":156,"column":null}},{"start":{"line":157,"column":10},"end":{"line":159,"column":null}}],"line":156},"9":{"loc":{"start":{"line":163,"column":7},"end":{"line":238,"column":null}},"type":"cond-expr","locations":[{"start":{"line":164,"column":8},"end":{"line":168,"column":15}},{"start":{"line":168,"column":10},"end":{"line":238,"column":null}}],"line":163},"10":{"loc":{"start":{"line":168,"column":10},"end":{"line":238,"column":null}},"type":"cond-expr","locations":[{"start":{"line":169,"column":8},"end":{"line":174,"column":9}},{"start":{"line":174,"column":8},"end":{"line":238,"column":null}}],"line":168},"11":{"loc":{"start":{"line":186,"column":21},"end":{"line":191,"column":null}},"type":"binary-expr","locations":[{"start":{"line":186,"column":21},"end":{"line":186,"column":null}},{"start":{"line":187,"column":22},"end":{"line":191,"column":null}}],"line":186},"12":{"loc":{"start":{"line":204,"column":30},"end":{"line":204,"column":null}},"type":"cond-expr","locations":[{"start":{"line":204,"column":44},"end":{"line":204,"column":65}},{"start":{"line":204,"column":65},"end":{"line":204,"column":null}}],"line":204},"13":{"loc":{"start":{"line":206,"column":49},"end":{"line":206,"column":85}},"
[...]
e":160,"column":29},"end":{"line":175,"column":15}},"line":160},"8":{"name":"(anonymous_8)","decl":{"start":{"line":165,"column":20},"end":{"line":165,"column":35}},"loc":{"start":{"line":165,"column":35},"end":{"line":165,"column":null}},"line":165},"9":{"name":"(anonymous_9)","decl":{"start":{"line":189,"column":49},"end":{"line":189,"column":54}},"loc":{"start":{"line":190,"column":26},"end":{"line":192,"column":null}},"line":190},"10":{"name":"(anonymous_10)","decl":{"start":{"line":205,"column":49},"end":{"line":205,"column":54}},"loc":{"start":{"line":206,"column":26},"end":{"line":224,"column":null}},"line":206},"11":{"name":"(anonymous_11)","decl":{"start":{"line":235,"column":56},"end":{"line":235,"column":61}},"loc":{"start":{"line":236,"column":20},"end":{"line":275,"column":null}},"line":236},"12":{"name":"(anonymous_12)","decl":{"start":{"line":254,"column":42},"end":{"line":254,"column":47}},"loc":{"start":{"line":255,"column":30},"end":{"line":270,"column":null}},"line":255},"13":{"name":"(anonymous_13)","decl":{"start":{"line":290,"column":72},"end":{"line":290,"column":77}},"loc":{"start":{"line":291,"column":20},"end":{"line":294,"column":null}},"line":291},"14":{"name":"(anonymous_14)","decl":{"start":{"line":308,"column":21},"end":{"line":308,"column":26}},"loc":{"start":{"line":309,"column":14},"end":{"line":330,"column":null}},"line":309},"15":{"name":"(anonymous_15)","decl":{"start":{"line":311,"column":18},"end":{"line":311,"column":33}},"loc":{"start":{"line":311,"column":33},"end":{"line":311,"column":null}},"line":311},"16":{"name":"(anonymous_16)","decl":{"start":{"line":325,"column":18},"end":{"line":325,"column":33}},"loc":{"start":{"line":325,"column":33},"end":{"line":325,"column":null}},"line":325}},"branchMap":{"0":{"loc":{"start":{"line":30,"column":4},"end":{"line":30,"column":null}},"type":"if","locations":[{"start":{"line":30,"column":4},"end":{"line":30,"column":null}},{"start":{},"end":{}}],"line":30},"1":{"loc":{"start":{"line":32,"column":4},"end":{"line":35,"column":null}},"type":"if","locations":[{"start":{"line":32,"column":4},"end":{"line":35,"column":null}},{"start":{},"end":{}}],"line":32},"2":{"loc":{"start":{"line":39,"column":4},"end":{"line":39,"column":null}},"type":"if","locations":[{"start":{"line":39,"column":4},"end":{"line":39,"column":null}},{"start":{},"end":{}}],"line":39},"3":{"loc":{"start":{"line":40,"column":4},"end":{"line":40,"column":null}},"type":"if","locations":[{"start":{"line":40,"column":4},"end":{"line":40,"column":null}},{"start":{},"end":{}}],"line":40},"4":{"loc":{"start":{"line":45,"column":4},"end":{"line":45,"column":null}},"type":"if","locations":[{"start":{"line":45,"column":4},"end":{"line":45,"column":null}},{"start":{},"end":{}}],"line":45},"5":{"loc":{"start":{"line":46,"column":4},"end":{"line":46,"column":null}},"type":"if","locations":[{"start":{"line":46,"column":4},"end":{"line":46,"column":null}},{"start":{},"end":{}}],"line":46},"6":{"loc":{"start":{"line":80,"column":22},"end":{"line":80,"column":null}},"type":"binary-expr","locations":[{"start":{"line":80,"column":22},"end":{"line":80,"column":39}},{"start":{"line":80,"column":39},"end":{"line":80,"column":null}}],"line":80},"7":{"loc":{"start":{"line":83,"column":13},"end":{"line":86,"column":null}},"type":"cond-expr","locations":[{"start":{"line":84,"column":14},"end":{"line":86,"column":16}},{"start":{"line":86,"column":14},"end":{"line":86,"column":null}}],"line":83},"8":{"loc":{"start":{"line":90,"column":9},"end":{"line":93,"column":null}},"type":"binary-expr","locations":[{"start":{"line":90,"column":9},"end":{"line":90,"column":null}},{"start":{"line":91,"column":10},"end":{"line":93,"column":null}}],"line":90},"9":{"loc":{"start":{"line":98,"column":7},"end":{"line":300,"column":null}},"type":"binary-expr","locations":[{"start":{"line":98,"column":7},"end":{"line":98,"column":null}},{"start":{"line":99,"column":8},"end":{"line":300,"column":null}}],"line":98},"10":{"loc":{"start":{"line":118,"column":51},"end":{"line":118,"column":108}},"type":"cond-expr","locations":[{"start":{"line":118,"column":84},"end":{"line":118,"column":96}},{"start":{"line":118,"column":96},"end":{"line":118,"column":108}}],"line":118},"11":{"loc":{"start":{"line":119,"column":53},"end":{"line":119,"column":110}},"type":"cond-expr","locations":[{"start":{"line":119,"column":86},"end":{"line":119,"column":98}},{"start":{"line":119,"column":98},"end":{"line":119,"column":110}}],"line":119},"12":{"loc":{"start":{"line":167,"column":22},"end":{"line":169,"column":null}},"type":"cond-expr","locations":[{"start":{"line":168,"column":26},"end":{"line":168,"column":null}},{"start":{"line":169,"column":26},"end":{"line":169,"column":null}}],"line":167},"13":{"loc":{"start":{"line":180,"column":15},"end":{"line":229,"column":null}},"type":"binary-expr","locations":[{"start":{"line":180,"column":15},"end":{"line":180,"column":null}},{"start":{"line":181,"column":16},"end":{"line":229,"column":null}}],"line":180},"14":{"loc":{"start":{"line":183,"column":19},"end":{"line":199,"column":28}},"type":"binary-expr","locations":[{"start":{"line":183,"column":19},"end":{"line":183,"column":null}},{"start":{"line":184,"column":20},"end":{"line":199,"column":28}}],"line":183},"15":{"loc":{"start":{"line":199,"column":19},"end":{"line":229,"column":null}},"type":"binary-expr","locations":[{"start":{"line":199,"column":19},"end":{"line":199,"column":46}},{"start":{"line":199,"column":46},"end":{"line":199,"column":null}},{"start":{"line":200,"column":20},"end":{"line":229,"column":null}}],"line":199},"16":{"loc":{"start":{"line":214,"column":29},"end":{"line":224,"column":null}},"type":"binary-expr","locations":[{"start":{"line":214,"column":29},"end":{"line":214,"column":null}},{"start":{"line":215,"column":30},"end":{"line":224,"column":null}}],"line":214},"17":{"loc":{"start":{"line":233,"column":15},"end":{"line":284,"column":null}},"type":"binary-expr","locations":[{"start":{"line":233,"column":15},"end":{"line":233,"column":null}},{"start":{"line":234,"column":16},"end":{"line":284,"column":null}}],"line":233},"18":{"loc":{"start":{"line":235,"column":19},"end":{"line":276,"column":null}},"type":"binary-expr","locations":[{"start":{"line":235,"column":19},"end":{"line":235,"column":39}},{"start":{"line":235,"column":39},"end":{"line":276,"column":null}}],"line":235},"19":{"loc":{"start":{"line":238,"column":23},"end":{"line":242,"column":23}},"type":"binary-expr","locations":[{"start":{"line":238,"column":23},"end":{"line":238,"column":null}},{"start":{"line":239,"column":24},"end":{"line":242,"column":23}}],"line":238},"20":{"loc":{"start":{"line":260,"column":33},"end":{"line":270,"column":null}},"type":"binary-expr","locations":[{"start":{"line":260,"column":33},"end":{"line":260,"column":null}},{"start":{"line":261,"column":34},"end":{"line":270,"column":null}}],"line":260},"21":{"loc":{"start":{"line":276,"column":19},"end":{"line":284,"column":null}},"type":"binary-expr","locations":[{"start":{"line":278,"column":20},"end":{"line":278,"column":41}},{"start":{"line":278,"column":41},"end":{"line":278,"column":null}},{"start":{"line":279,"column":20},"end":{"line":284,"column":null}}],"line":276},"22":{"loc":{"start":{"line":288,"column":15},"end":{"line":296,"column":null}},"type":"binary-expr","locations":[{"start":{"line":288,"column":15},"end":{"line":288,"column":null}},{"start":{"line":289,"column":16},"end":{"line":296,"column":null}}],"line":288},"23":{"loc":{"start":{"line":290,"column":19},"end":{"line":295,"column":null}},"type":"binary-expr","locations":[{"start":{"line":290,"column":19},"end":{"line":290,"column":47}},{"start":{"line":290,"column":47},"end":{"line":295,"column":null}}],"line":290},"24":{"loc":{"start":{"line":304,"column":7},"end":{"line":333,"column":null}},"type":"binary-expr","locations":[{"start":{"line":304,"column":7},"end":{"line":304,"column":null}},{"start":{"line":305,"column":8},"end":{"line":333,"column":null}}],"line":304},"25":{"loc":{"start":{"line":320,"column":23},"end":{"line":320,"column":56}},"type":"binary-expr","locations":[{"start":{"line":320,"column":23},"end":{"line":320,"column":54}},{"start":{"line":320,"column":54},"end":{"line":320,"column":56}}],"line":320},"26":{"loc":{"start":{"line":320,"column":68},"end":{"line":320,"column":100}},"type":"binary-expr","locations":[{"start":{"line":320,"column":68},"end":{"line":320,"column":98}},{"start":{"line":320,"column":98},"end":{"line":320,"column":100}}],"line":320}},"s":{"0":1,"1":1,"2":12,"3":12,"4":12,"5":12,"6":10,"7":10,"8":12,"9":1,"10":0,"11":1,"12":1,"13":1,"14":1,"15":12,"16":2,"17":0,"18":2,"19":2,"20":0,"21":12,"22":2,"23":1,"24":1,"25":1,"26":0,"27":12,"28":1,"29":1,"30":36,"31":6,"32":6,"33":0,"34":4,"35":2,"36":0,"37":0,"38":0,"39":2,"40":1,"41":0},"f":{"0":12,"1":10,"2":1,"3":2,"4":2,"5":1,"6":36,"7":6,"8":0,"9":4,"10":2,"11":0,"12":0,"13":0,"14":2,"15":1,"16":0},"b":{"0":[0,1],"1":[1,0],"2":[0,2],"3":[2,0],"4":[1,1],"5":[1,0],"6":[12,2],"7":[0,12],"8":[12,1],"9":[12,2],"10":[2,0],"11":[2,0],"12":[2,4],"13":[2,2],"14":[2,2],"15":[2,2,1],"16":[2,0],"17":[2,0],"18":[0,0],"19":[0,0],"20":[0,0],"21":[0,0,0],"22":[2,0],"23":[0,0],"24":[12,2],"25":[2,1],"26":[2,1]},"meta":{"lastBranch":27,"lastFunction":17,"lastStatement":42,"seen":{"s:9:23:13:Infinity":0,"s:15:13:337:Infinity":1,"f:15:13:15:38":0,"s:18:75:19:Infinity":2,"s:21:23:21:Infinity":3,"s:22:20:22:Infinity":4,"s:24:2:27:Infinity":5,"f:24:2:24:18":1,"s:25:4:25:Infinity":6,"s:26:4:26:Infinity":7,"s:29:24:36:Infinity":8,"f:29:24:29:36":2,"b:30:4:30:Infinity:undefined:undefined:undefined:undefined":0,"s:30:4:30:Infinity":9,"s:30:23:30:Infinity":10,"s:31:20:31:Infinity":11,"b:32:4:35:Infinity:undefined:undefined:undefined:undefined":1,"s:32:4:35:Infinity":12,"s:33:6:33:Infinity":13,"s:34:6:34:Infinity":14,"s:38:8:42:Infinity":15,"f:38:8:38:25":3,"b:39:4:39:Infinity:undefined:undefined:undefined:undefined":2,"s:39:4:39:Infinity":16,"s:39:19:39:Infinity":17,"b:40:4:40:Infinity:undefined:undefined:undefined:undefined":3,"s:40:4:40:Infinity":18,"s:40:19:40:Infinity":19,"s:41:4:41:Infinity":20,"s:44:8:48:Infinity":21,"f:44:8:44:22":4,"b:45:4:45:Infinity:undefined:undefined:undefined:undefined":4,"s:45:4:45:Infinity":22,"s:45:19:45:Infinity":23,"b:46:4:46:Infinity:undefined:undefined:undefined:undefined":5,"s:46:4:46:Infinity":24,"s:46:19:46:Infinity":25,"s:47:4:47:Infinity":26,"s:50:2:335:Infinity":27,"f:69:12:69:23":5,"s:69:31:69:64":28,"s:69:64:69:81":29,"f:74:19:74:24":6,"s:75:14:75:Infinity":30,"b:80:22:80:39:80:39:80:Infinity":6,"b:84:14:86:16:86:14:86:Infinity":7,"b:90:9:90:Infinity:91:10:93:Infinity":8,"b:98:7:98:Infinity:99:8:300:Infinity":9,"b:118:84:118:96:118:96:118:108":10,"b:119:86:119:98:119:98:119:110":11,"f:160:16:160:21":7,"s:161:29:161:Infinity":31,"s:162:16:173:Infinity":32,"f:165:20:165:35":8,"s:165:35:165:Infinity":33,"b:168:26:168:Infinity:169:26:169:Infinity":12,"b:180:15:180:Infinity:181:16:229:Infinity":13,"b:183:19:183:Infinity:184:20:199:28":14,"f:189:49:189:54":9,"s:190:26:192:Infinity":34,"b:199:19:199:46:199:46:199:Infinity:200:20:229:Infinity":15,"f:205:49:205:54":10,"s:206:26:224:Infinity":35,"b:214:29:214:Infinity:215:30:224:Infinity":16,"b:233:15:233:Infinity:234:16:284:Infinity":17,"b:235:19:235:39:235:39:276:Infinity":18,"f:235:56:235:61":11,"s:236:20:275:Infinity":36,"b:238:23:238:Infinity:239:24:242:23":19,"f:254:42:254:47":12,"s:255:30:270:Infinity":37,"b:260:33:260:Infinity:261:34:270:Infinity":20,"b:278:20:278:41:278:41:278:Infinity:279:20:284:Infinity":21,"b:288:15:288:Infinity:289:16:296:Infinity":22,"b:290:19:290:47:290:47:295:Infinity":23,"f:290:72:290:77":13,"s:291:20:294:Infinity":38,"b:304:7:304:Infinity:305:8:333:Infinity":24,"f:308:21:308:26":14,"s:309:14:330:Infinity":39,"f:311:18:311:33":15,"s:311:33:311:Infinity":40,"b:320:23:320:54:320:54:320:56":25,"b:320:68:320:98:320:98:320:100":26,"f:325:18:325:33":16,"s:325:33:325:Infinity":41},"fnNames":{}}}
,"C:\\Anas\\ai-career-launchpad-main\\frontend\\src\\services\\api.js": {"path":"C:\\Anas\\ai-career-launchpad-main\\frontend\\src\\services\\api.js","statementMap":{"0":{"start":{"line":3,"column":16},"end":{"line":3,"column":44}},"1":{"start":{"line":5,"column":12},"end":{"line":7,"column":2}},"2":{"start":{"line":10,"column":0},"end":{"line":19,"column":null}},"3":{"start":{"line":12,"column":18},"end":{"line":12,"column":47}},"4":{"start":{"line":13,"column":4},"end":{"line":15,"column":null}},"5":{"start":{"line":14,"column":6},"end":{"line":14,"column":null}},"6":{"start":{"line":16,"column":4},"end":{"line":16,"column":null}},"7":{"start":{"line":18,"column":13},"end":{"line":18,"column":null}},"8":{"start":{"line":22,"column":0},"end":{"line":32,"column":null}},"9":{"start":{"line":23,"column":16},"end":{"line":23,"column":24}},"10":{"start":{"line":25,"column":4},"end":{"line":29,"column":null}},"11":{"start":{"line":26,"column":6},"end":{"line":26,"column":null}},"12":{"start":{"line":27,"column":6},"end":{"line":27,"column":null}},"13":{"start":{"line":28,"column":6},"end":{"line":28,"column":null}},"14":{"start":{"line":30,"column":4},"end":{"line":30,"column":null}}},"fnMap":{"0":{"name":"(anonymous_0)","decl":{"start":{"line":11,"column":2},"end":{"line":11,"column":3}},"loc":{"start":{"line":11,"column":14},"end":{"line":17,"column":3}},"line":11},"1":{"name":"(anonymous_1)","decl":{"start":{"line":18,"column":2},"end":{"line":18,"column":3}},"loc":{"start":{"line":18,"column":13},"end":{"line":18,"column":null}},"line":18},"2":{"name":"(anonymous_2)","decl":{"start":{"line":23,"column":2},"end":{"line":23,"column":3}},"loc":{"start":{"line":23,"column":16},"end":{"line":23,"column":24}},"line":23},"3":{"name":"(anonymous_3)","decl":{"start":{"line":24,"column":2},"end":{"line":24,"column":3}},"loc":{"start":{"line":24,"column":13},"end":{"line":31,"column":null}},"line":24}},"branchMap":{"0":{"loc":{"start":{"line":13,"column":4},"end":{"line":15,"column":null}},"type":"if","locations":[{"start":{"line":13,"column":4},"end":{"line":15,"column":null}},{"start":{},"end":{}}],"line":13},"1":{"loc":{"start":{"line":25,"column":4},"end":{"line":29,"column":null}},"type":"if","locations":[{"start":{"line":25,"column":4},"end":{"line":29,"column":null}},{"start":{},"end":{}}],"line":25}},"s":{"0":1,"1":1,"2":1,"3":0,"4":0,"5":0,"6":0,"7":0,"8":1,"9":0,"10":0,"11":0,"12":0,"13":0,"14":0},"f":{"0":0,"1":0,"2":0,"3":0},"b":{"0":[0,0],"1":[0,0]},"meta":{"lastBranch":2,"lastFunction":4,"lastStatement":15,"seen":{"s:3:16:3:44":0,"s:5:12:7:2":1,"s:10:0:19:Infinity":2,"f:11:2:11:3":0,"s:12:18:12:47":3,"b:13:4:15:Infinity:undefined:undefined:undefined:undefined":0,"s:13:4:15:Infinity":4,"s:14:6:14:Infinity":5,"s:16:4:16:Infinity":6,"f:18:2:18:3":1,"s:18:13:18:Infinity":7,"s:22:0:32:Infinity":8,"f:23:2:23:3":2,"s:23:16:23:24":9,"f:24:2:24:3":3,"b:25:4:29:Infinity:undefined:undefined:undefined:undefined":1,"s:25:4:29:Infinity":10,"s:26:6:26:Infinity":11,"s:27:6:27:Infinity":12,"s:28:6:28:Infinity":13,"s:30:4:30:Infinity":14},"fnNames":{}}}
,"C:\\Anas\\ai-career-launchpad-main\\frontend\\src\\services\\dashboardService.js": {"path":"C:\\Anas\\ai-career-launchpad-main\\frontend\\src\\services\\dashboardService.js","statementMap":{"0":{"start":{"line":3,"column":25},"end":{"line":5,"column":1}},"1":{"start":{"line":4,"column":20},"end":{"line":4,"column":49}}},"fnMap":{"0":{"name":"(anonymous_0)","decl":{"start":{"line":4,"column":14},"end":{"line":4,"column":15}},"loc":{"start":{"line":4,"column":20},"end":{"line":4,"column":49}},"line":4}},"branchMap":{},"s":{"0":1,"1":0},"f":{"0":0},"b":{},"meta":{"lastBranch":0,"lastFunction":1,"lastStatement":2,"seen":{"s:3:25:5:1":0,"f:4:14:4:15":0,"s:4:20:4:49":1},"fnNames":{}}}
,"C:\\Anas\\ai-career-launchpad-main\\frontend\\src\\utils\\validators.js": {"path":"C:\\Anas\\ai-career-launchpad-main\\frontend\\src\\utils\\validators.js","statementMap":{"0":{"start":{"line":1,"column":29},"end":{"line":4,"column":1}},"1":{"start":{"line":2,"column":13},"end":{"line":2,"column":41}},"2":{"start":{"line":3,"column":2},"end":{"line":3,"column":null}},"3":{"start":{"line":6,"column":32},"end":{"line":8,"column":1}},"4":{"start":{"line":7,"column":2},"end":{"line":7,"column":null}},"5":{"start":{"line":10,"column":28},"end":{"line":28,"column":1}},"6":{"start":{"line":11,"column":17},"end":{"line":11,"column":19}},"7":{"start":{"line":13,"column":2},"end":{"line":17,"column":null}},"8":{"start":{"line":14,"column":4},"end":{"line":16,"column":null}},"9":{"start":{"line":15,"column":6},"end":{"line":15,"column":null}},"10":{"start":{"line":19,"column":2},"end":{"line":21,"column":null}},"11":{"start":{"line":20,"column":4},"end":{"line":20,"column":null}},"12":{"start":{"line":23,"column":2},"end":{"line":25,"column":null}},"13":{"start":{"line":24,"column":4},"end":{"line":24,"column":null}},"14":{"start":{"line":27,"column":2},"end":{"line":27,"column":null}}},"fnMap":{"0":{"name":"(anonymous_0)","decl":{"start":{"line":1,"column":29},"end":{"line":1,"column":30}},"loc":{"start":{"line":1,"column":40},"end":{"line":4,"column":1}},"line":1},"1":{"name":"(anonymous_1)","decl":{"start":{"line":6,"column":32},"end":{"line":6,"column":33}},"loc":{"start":{"line":6,"column":46},"end":{"line":8,"column":1}},"line":6},"2":{"name":"(anonymous_2)","decl":{"start":{"line":10,"column":28},"end":{"line":10,"column":29}},"loc":{"start":{"line":10,"column":58},"end":{"line":28,"column":1}},"line":10},"3":{"name":"(anonymous_3)","decl":{"start":{"line":13,"column":25},"end":{"line":13,"column":26}},"loc":{"start":{"line":13,"column":36},"end":{"line":17,"column":3}},"line":13}},"branchMap":{"0":{"loc":{"start":{"line":14,"column":4},"end":{"line":16,"column":null}},"type":"if","locations":[{"start":{"line":14,"column":4},"end":{"line":16,"column":null}},{"start":{},"end":{}}],"line":14},"1":{"loc":{"start":{"line":14,"column":8},"end":{"line":14,"column":68}},"type":"binary-expr","locations":[{"start":{"line":14,"column":8},"end":{"line":14,"column":24}},{"start":{"line":14,"column":28},"end":{"line":14,"column":68}}],"line":14},"2":{"loc":{"start":{"line":19,"column":2},"end":{"line":21,"column":null}},"type":"if","locations":[{"start":{"line":19,"column":2},"end":{"line":21,"column":null}},{"start":{},"end":{}}],"line":19},"3":{"loc":{"start":{"line":19,"column":6},"end":{"line":19,"column":54}},"type":"binary-expr","locations":[{"start":{"line":19,"column":6},"end":{"line":19,"column":20}},{"start":{"line":19,"column":24},"end":{"line":19,"column":54}}],"line":19},"4":{"loc":{"start":{"line":23,"column":2},"end":{"line":25,"column":null}},"type":"if","locations":[{"start":{"line":23,"column":2},"end":{"line":25,"column":null}},{"start":{},"end":{}}],"line":23},"5":{"loc":{"start":{"line":23,"column":6},"end":{"line":23,"column":63}},"type":"binary-expr","locations":[{"start":{"line":23,"column":6},"end":{"line":23,"column":23}},{"start":{"line":23,"column":27},"end":{"line":23,"column":63}}],"line":23}},"s":{"0":1,"1":6,"2":6,"3":1,"4":3,"5":1,"6":1,"7":1,"8":3,"9":1,"10":1,"11":1,"12":1,"13":1,"14":1},"f":{"0":6,"1":3,"2":1,"3":3},"b":{"0":[1,2],"1":[3,3],"2":[1,0],"3":[1,1],"4":[1,0],"5":[1,1]},"meta":{"lastBranch":6,"lastFunction":4,"lastStatement":15,"seen":{"s:1:29:4:1":0,"f:1:29:1:30":0,"s:2:13:2:41":1,"s:3:2:3:Infinity":2,"s:6:32:8:1":3,"f:6:32:6:33":1,"s:7:2:7:Infinity":4,"s:10:28:28:1":5,"f:10:28:10:29":2,"s:11:17:11:19":6,"s:13:2:17:Infinity":7,"f:13:25:13:26":3,"b:14:4:16:Infinity:undefined:undefined:undefined:undefined":0,"s:14:4:16:Infinity":8,"b:14:8:14:24:14:28:14:68":1,"s:15:6:15:Infinity":9,"b:19:2:21:Infinity:undefined:undefined:undefined:undefined":2,"s:19:2:21:Infinity":10,"b:19:6:19:20:19:24:19:54":3,"s:20:4:20:Infinity":11,"b:23:2:25:Infinity:undefined:undefined:undefined:undefined":4,"s:23:2:25:Infinity":12,"b:23:6:23:23:23:27:23:63":5,"s:24:4:24:Infinity":13,"s:27:2:27:Infinity":14},"fnNames":{}}}
}
